2024-04-16 16:53:21,798 - INFO - Processing bulletin bf0f8a4f-61c3-4199-96fc-4244cc4edda3 for region: {'name': 'Gadmertal', 'regionID': 'CH-1246'}
2024-04-16 16:53:21,851 - ERROR - Error updating data in database: FEHLER:  Syntaxfehler bei ï¿½WHEREï¿½
LINE 4:                                     WHERE B_RegionID = 'CH-1...
                                            ^

2024-04-16 16:53:21,851 - INFO - Processing bulletin e12491d3-0d9e-4bf6-be6c-8b02bd1e451c for region: {'name': 'Hohgant', 'regionID': 'CH-1213'}
2024-04-16 16:53:22,009 - ERROR - Error updating data in database: FEHLER:  Syntaxfehler bei ï¿½WHEREï¿½
LINE 4:                                     WHERE B_RegionID = 'CH-1...
                                            ^

2024-04-16 16:53:22,009 - INFO - Processing bulletin 568c7dec-ea47-4b1d-b372-30e9fc05c238 for region: {'name': 'Luganese', 'regionID': 'CH-6131'}
2024-04-16 16:53:22,056 - ERROR - Error updating data in database: FEHLER:  Syntaxfehler bei ï¿½WHEREï¿½
LINE 4:                                     WHERE B_RegionID = 'CH-6...
                                            ^

2024-04-16 16:53:22,056 - INFO - Processing bulletin 752c03c2-f45f-42d9-9ec5-b1b61deb1371 for region: {'name': 'unteres Puschlav', 'regionID': 'CH-7222'}
2024-04-16 16:53:22,090 - ERROR - Error updating data in database: FEHLER:  Syntaxfehler bei ï¿½WHEREï¿½
LINE 4:                                     WHERE B_RegionID = 'CH-7...
                                            ^

2024-04-16 16:53:22,090 - INFO - Processing bulletin f97b93bf-ada2-4218-b3de-46ca2be7082f for region: {'name': 'Mï¿½nstertal', 'regionID': 'CH-7231'}
2024-04-16 16:53:22,135 - ERROR - Error updating data in database: FEHLER:  Syntaxfehler bei ï¿½WHEREï¿½
LINE 4:                                     WHERE B_RegionID = 'CH-7...
                                            ^

2024-04-16 16:53:22,135 - INFO - Processing bulletin 0fb9348d-1adb-4f63-9728-8a40f966d0ad for region: {'name': 'ï¿½stliche Berner Voralpen', 'regionID': 'CH-1212'}
2024-04-16 16:53:22,173 - ERROR - Error updating data in database: FEHLER:  Syntaxfehler bei ï¿½WHEREï¿½
LINE 4:                                     WHERE B_RegionID = 'CH-1...
                                            ^

2024-04-16 16:53:51,590 - INFO - Processing bulletin bf0f8a4f-61c3-4199-96fc-4244cc4edda3 for region: {'name': 'Gadmertal', 'regionID': 'CH-1246'}
2024-04-16 16:53:51,639 - ERROR - Error updating data in database: FEHLER:  Spalte ï¿½b_regionidï¿½ existiert nicht
LINE 4:                                     WHERE B_RegionID = 'CH-1...
                                                  ^
HINT:  Vielleicht wurde beabsichtigt, auf die Spalte ï¿½bulletins.b_region_idï¿½ zu verweisen.

2024-04-16 16:53:51,639 - INFO - Processing bulletin e12491d3-0d9e-4bf6-be6c-8b02bd1e451c for region: {'name': 'Hohgant', 'regionID': 'CH-1213'}
2024-04-16 16:53:51,682 - ERROR - Error updating data in database: FEHLER:  Spalte ï¿½b_regionidï¿½ existiert nicht
LINE 4:                                     WHERE B_RegionID = 'CH-1...
                                                  ^
HINT:  Vielleicht wurde beabsichtigt, auf die Spalte ï¿½bulletins.b_region_idï¿½ zu verweisen.

2024-04-16 16:53:51,682 - INFO - Processing bulletin 568c7dec-ea47-4b1d-b372-30e9fc05c238 for region: {'name': 'Luganese', 'regionID': 'CH-6131'}
2024-04-16 16:53:51,724 - ERROR - Error updating data in database: FEHLER:  Spalte ï¿½b_regionidï¿½ existiert nicht
LINE 4:                                     WHERE B_RegionID = 'CH-6...
                                                  ^
HINT:  Vielleicht wurde beabsichtigt, auf die Spalte ï¿½bulletins.b_region_idï¿½ zu verweisen.

2024-04-16 16:53:51,725 - INFO - Processing bulletin 752c03c2-f45f-42d9-9ec5-b1b61deb1371 for region: {'name': 'unteres Puschlav', 'regionID': 'CH-7222'}
2024-04-16 16:53:51,761 - ERROR - Error updating data in database: FEHLER:  Spalte ï¿½b_regionidï¿½ existiert nicht
LINE 4:                                     WHERE B_RegionID = 'CH-7...
                                                  ^
HINT:  Vielleicht wurde beabsichtigt, auf die Spalte ï¿½bulletins.b_region_idï¿½ zu verweisen.

2024-04-16 16:53:51,761 - INFO - Processing bulletin f97b93bf-ada2-4218-b3de-46ca2be7082f for region: {'name': 'Mï¿½nstertal', 'regionID': 'CH-7231'}
2024-04-16 16:53:51,931 - ERROR - Error updating data in database: FEHLER:  Spalte ï¿½b_regionidï¿½ existiert nicht
LINE 4:                                     WHERE B_RegionID = 'CH-7...
                                                  ^
HINT:  Vielleicht wurde beabsichtigt, auf die Spalte ï¿½bulletins.b_region_idï¿½ zu verweisen.

2024-04-16 16:53:51,931 - INFO - Processing bulletin 0fb9348d-1adb-4f63-9728-8a40f966d0ad for region: {'name': 'ï¿½stliche Berner Voralpen', 'regionID': 'CH-1212'}
2024-04-16 16:53:51,973 - ERROR - Error updating data in database: FEHLER:  Spalte ï¿½b_regionidï¿½ existiert nicht
LINE 4:                                     WHERE B_RegionID = 'CH-1...
                                                  ^
HINT:  Vielleicht wurde beabsichtigt, auf die Spalte ï¿½bulletins.b_region_idï¿½ zu verweisen.

2024-04-16 16:54:12,975 - INFO - Processing bulletin bf0f8a4f-61c3-4199-96fc-4244cc4edda3 for region: {'name': 'Gadmertal', 'regionID': 'CH-1246'}
2024-04-16 16:54:13,063 - INFO - Processing bulletin e12491d3-0d9e-4bf6-be6c-8b02bd1e451c for region: {'name': 'Hohgant', 'regionID': 'CH-1213'}
2024-04-16 16:54:13,122 - INFO - Processing bulletin 568c7dec-ea47-4b1d-b372-30e9fc05c238 for region: {'name': 'Luganese', 'regionID': 'CH-6131'}
2024-04-16 16:54:13,169 - INFO - Processing bulletin 752c03c2-f45f-42d9-9ec5-b1b61deb1371 for region: {'name': 'unteres Puschlav', 'regionID': 'CH-7222'}
2024-04-16 16:54:13,216 - INFO - Processing bulletin f97b93bf-ada2-4218-b3de-46ca2be7082f for region: {'name': 'Mï¿½nstertal', 'regionID': 'CH-7231'}
2024-04-16 16:54:13,257 - INFO - Processing bulletin 0fb9348d-1adb-4f63-9728-8a40f966d0ad for region: {'name': 'ï¿½stliche Berner Voralpen', 'regionID': 'CH-1212'}
2024-04-16 16:55:15,391 - INFO - Processing bulletin bf0f8a4f-61c3-4199-96fc-4244cc4edda3 for region: {'name': 'Gadmertal', 'regionID': 'CH-1246'}
2024-04-16 16:55:15,461 - INFO - Processing bulletin e12491d3-0d9e-4bf6-be6c-8b02bd1e451c for region: {'name': 'Hohgant', 'regionID': 'CH-1213'}
2024-04-16 16:55:15,518 - INFO - Processing bulletin 568c7dec-ea47-4b1d-b372-30e9fc05c238 for region: {'name': 'Luganese', 'regionID': 'CH-6131'}
2024-04-16 16:55:15,576 - INFO - Processing bulletin 752c03c2-f45f-42d9-9ec5-b1b61deb1371 for region: {'name': 'unteres Puschlav', 'regionID': 'CH-7222'}
2024-04-16 16:55:15,620 - INFO - Processing bulletin f97b93bf-ada2-4218-b3de-46ca2be7082f for region: {'name': 'Mï¿½nstertal', 'regionID': 'CH-7231'}
2024-04-16 16:55:15,668 - INFO - Processing bulletin 0fb9348d-1adb-4f63-9728-8a40f966d0ad for region: {'name': 'ï¿½stliche Berner Voralpen', 'regionID': 'CH-1212'}
2024-04-16 23:31:47,922 - ERROR - Error storing geometries: could not connect to server: Connection refused (0x0000274D/10061)
	Is the server running on host "localhost" (::1) and accepting
	TCP/IP connections on port 5433?
could not connect to server: Connection refused (0x0000274D/10061)
	Is the server running on host "localhost" (127.0.0.1) and accepting
	TCP/IP connections on port 5433?

2024-04-16 23:33:26,698 - ERROR - Error storing geometries: could not connect to server: Connection refused (0x0000274D/10061)
	Is the server running on host "localhost" (::1) and accepting
	TCP/IP connections on port 5433?
could not connect to server: Connection refused (0x0000274D/10061)
	Is the server running on host "localhost" (127.0.0.1) and accepting
	TCP/IP connections on port 5433?

2024-04-16 23:34:31,873 - ERROR - Error storing geometries: could not connect to server: Connection refused (0x0000274D/10061)
	Is the server running on host "localhost" (::1) and accepting
	TCP/IP connections on port 5433?
could not connect to server: Connection refused (0x0000274D/10061)
	Is the server running on host "localhost" (127.0.0.1) and accepting
	TCP/IP connections on port 5433?

2024-04-17 08:15:59,609 - ERROR - Error storing geometries: could not connect to server: Connection refused (0x0000274D/10061)
	Is the server running on host "localhost" (::1) and accepting
	TCP/IP connections on port 5433?
could not connect to server: Connection refused (0x0000274D/10061)
	Is the server running on host "localhost" (127.0.0.1) and accepting
	TCP/IP connections on port 5433?

2024-04-17 17:51:52,191 - ERROR - Error storing geometries: could not connect to server: Connection refused (0x0000274D/10061)
	Is the server running on host "localhost" (::1) and accepting
	TCP/IP connections on port 5433?
could not connect to server: Connection refused (0x0000274D/10061)
	Is the server running on host "localhost" (127.0.0.1) and accepting
	TCP/IP connections on port 5433?

2024-04-17 17:52:44,060 - ERROR - Error storing geometries: could not connect to server: Connection refused (0x0000274D/10061)
	Is the server running on host "localhost" (::1) and accepting
	TCP/IP connections on port 5433?
could not connect to server: Connection refused (0x0000274D/10061)
	Is the server running on host "localhost" (127.0.0.1) and accepting
	TCP/IP connections on port 5433?

2024-04-17 17:52:48,113 - ERROR - Error storing geometries: could not connect to server: Connection refused (0x0000274D/10061)
	Is the server running on host "localhost" (::1) and accepting
	TCP/IP connections on port 5433?
could not connect to server: Connection refused (0x0000274D/10061)
	Is the server running on host "localhost" (127.0.0.1) and accepting
	TCP/IP connections on port 5433?

2024-04-17 17:52:52,185 - ERROR - Error storing geometries: could not connect to server: Connection refused (0x0000274D/10061)
	Is the server running on host "localhost" (::1) and accepting
	TCP/IP connections on port 5433?
could not connect to server: Connection refused (0x0000274D/10061)
	Is the server running on host "localhost" (127.0.0.1) and accepting
	TCP/IP connections on port 5433?

2024-04-17 17:52:56,257 - ERROR - Error storing geometries: could not connect to server: Connection refused (0x0000274D/10061)
	Is the server running on host "localhost" (::1) and accepting
	TCP/IP connections on port 5433?
could not connect to server: Connection refused (0x0000274D/10061)
	Is the server running on host "localhost" (127.0.0.1) and accepting
	TCP/IP connections on port 5433?

2024-04-17 17:53:00,341 - ERROR - Error storing geometries: could not connect to server: Connection refused (0x0000274D/10061)
	Is the server running on host "localhost" (::1) and accepting
	TCP/IP connections on port 5433?
could not connect to server: Connection refused (0x0000274D/10061)
	Is the server running on host "localhost" (127.0.0.1) and accepting
	TCP/IP connections on port 5433?

2024-04-17 17:53:04,426 - ERROR - Error storing geometries: could not connect to server: Connection refused (0x0000274D/10061)
	Is the server running on host "localhost" (::1) and accepting
	TCP/IP connections on port 5433?
could not connect to server: Connection refused (0x0000274D/10061)
	Is the server running on host "localhost" (127.0.0.1) and accepting
	TCP/IP connections on port 5433?

2024-04-17 17:53:08,478 - ERROR - Error storing geometries: could not connect to server: Connection refused (0x0000274D/10061)
	Is the server running on host "localhost" (::1) and accepting
	TCP/IP connections on port 5433?
could not connect to server: Connection refused (0x0000274D/10061)
	Is the server running on host "localhost" (127.0.0.1) and accepting
	TCP/IP connections on port 5433?

2024-04-17 17:53:08,792 - INFO - Processing bulletin 9d8b412c-1704-4300-8eb3-9bbd799af793 for region: {'name': 'Gadmertal', 'regionID': 'CH-1246'}
2024-04-17 17:53:12,873 - ERROR - Error updating data in database: could not connect to server: Connection refused (0x0000274D/10061)
	Is the server running on host "localhost" (::1) and accepting
	TCP/IP connections on port 5433?
could not connect to server: Connection refused (0x0000274D/10061)
	Is the server running on host "localhost" (127.0.0.1) and accepting
	TCP/IP connections on port 5433?

2024-04-17 17:53:12,873 - INFO - Processing bulletin eb6b81dd-38c0-4566-8af5-32448b47a19b for region: {'name': 'Vouvry', 'regionID': 'CH-1311'}
2024-04-17 17:53:16,916 - ERROR - Error updating data in database: could not connect to server: Connection refused (0x0000274D/10061)
	Is the server running on host "localhost" (::1) and accepting
	TCP/IP connections on port 5433?
could not connect to server: Connection refused (0x0000274D/10061)
	Is the server running on host "localhost" (127.0.0.1) and accepting
	TCP/IP connections on port 5433?

2024-04-17 17:53:16,916 - INFO - Processing bulletin fb7650d7-06c0-4089-8e7a-1ec688becb59 for region: {'name': 'Val Sumvitg', 'regionID': 'CH-5215'}
2024-04-17 17:53:20,986 - ERROR - Error updating data in database: could not connect to server: Connection refused (0x0000274D/10061)
	Is the server running on host "localhost" (::1) and accepting
	TCP/IP connections on port 5433?
could not connect to server: Connection refused (0x0000274D/10061)
	Is the server running on host "localhost" (127.0.0.1) and accepting
	TCP/IP connections on port 5433?

2024-04-17 17:53:20,986 - INFO - Processing bulletin e70b295a-098f-452e-82e1-4ddc559677d8 for region: {'name': 'ï¿½stliche Berner Voralpen', 'regionID': 'CH-1212'}
2024-04-17 17:53:25,030 - ERROR - Error updating data in database: could not connect to server: Connection refused (0x0000274D/10061)
	Is the server running on host "localhost" (::1) and accepting
	TCP/IP connections on port 5433?
could not connect to server: Connection refused (0x0000274D/10061)
	Is the server running on host "localhost" (127.0.0.1) and accepting
	TCP/IP connections on port 5433?

2024-04-17 17:53:25,030 - INFO - Processing bulletin 328a3347-931e-4272-a3fc-8324b60be6df for region: {'name': 'Mï¿½nstertal', 'regionID': 'CH-7231'}
2024-04-17 17:53:29,103 - ERROR - Error updating data in database: could not connect to server: Connection refused (0x0000274D/10061)
	Is the server running on host "localhost" (::1) and accepting
	TCP/IP connections on port 5433?
could not connect to server: Connection refused (0x0000274D/10061)
	Is the server running on host "localhost" (127.0.0.1) and accepting
	TCP/IP connections on port 5433?

2024-04-17 17:53:29,104 - INFO - Processing bulletin f97d43a2-f8e2-4178-b7f4-e09ae6557f3c for region: {'name': 'Yverdon - Bevaix', 'regionID': 'CH-8113'}
2024-04-17 17:53:33,164 - ERROR - Error updating data in database: could not connect to server: Connection refused (0x0000274D/10061)
	Is the server running on host "localhost" (::1) and accepting
	TCP/IP connections on port 5433?
could not connect to server: Connection refused (0x0000274D/10061)
	Is the server running on host "localhost" (127.0.0.1) and accepting
	TCP/IP connections on port 5433?

2024-04-17 17:53:33,165 - INFO - Processing bulletin 368cf0ee-47a2-469a-9fdf-b9fdefbdb59b for region: {'name': 'oberes Puschlav', 'regionID': 'CH-7221'}
2024-04-17 17:53:37,210 - ERROR - Error updating data in database: could not connect to server: Connection refused (0x0000274D/10061)
	Is the server running on host "localhost" (::1) and accepting
	TCP/IP connections on port 5433?
could not connect to server: Connection refused (0x0000274D/10061)
	Is the server running on host "localhost" (127.0.0.1) and accepting
	TCP/IP connections on port 5433?

2024-04-17 17:55:53,576 - ERROR - Error storing geometries: 
2024-04-17 17:55:53,617 - ERROR - Error storing geometries: 
2024-04-17 17:55:53,653 - ERROR - Error storing geometries: 
2024-04-17 17:55:53,685 - ERROR - Error storing geometries: 
2024-04-17 17:55:53,723 - ERROR - Error storing geometries: 
2024-04-17 17:55:53,765 - ERROR - Error storing geometries: 
2024-04-17 17:55:53,803 - ERROR - Error storing geometries: 
2024-04-17 17:55:54,074 - INFO - Processing bulletin 9d8b412c-1704-4300-8eb3-9bbd799af793 for region: {'name': 'Gadmertal', 'regionID': 'CH-1246'}
2024-04-17 17:55:54,123 - ERROR - Error updating data in database: 
2024-04-17 17:55:54,123 - INFO - Processing bulletin eb6b81dd-38c0-4566-8af5-32448b47a19b for region: {'name': 'Vouvry', 'regionID': 'CH-1311'}
2024-04-17 17:55:54,159 - ERROR - Error updating data in database: 
2024-04-17 17:55:54,159 - INFO - Processing bulletin fb7650d7-06c0-4089-8e7a-1ec688becb59 for region: {'name': 'Val Sumvitg', 'regionID': 'CH-5215'}
2024-04-17 17:55:54,199 - ERROR - Error updating data in database: 
2024-04-17 17:55:54,199 - INFO - Processing bulletin e70b295a-098f-452e-82e1-4ddc559677d8 for region: {'name': 'ï¿½stliche Berner Voralpen', 'regionID': 'CH-1212'}
2024-04-17 17:55:54,235 - ERROR - Error updating data in database: 
2024-04-17 17:55:54,235 - INFO - Processing bulletin 328a3347-931e-4272-a3fc-8324b60be6df for region: {'name': 'Mï¿½nstertal', 'regionID': 'CH-7231'}
2024-04-17 17:55:54,275 - ERROR - Error updating data in database: 
2024-04-17 17:55:54,275 - INFO - Processing bulletin f97d43a2-f8e2-4178-b7f4-e09ae6557f3c for region: {'name': 'Yverdon - Bevaix', 'regionID': 'CH-8113'}
2024-04-17 17:55:54,318 - ERROR - Error updating data in database: 
2024-04-17 17:55:54,318 - INFO - Processing bulletin 368cf0ee-47a2-469a-9fdf-b9fdefbdb59b for region: {'name': 'oberes Puschlav', 'regionID': 'CH-7221'}
2024-04-17 17:55:54,356 - ERROR - Error updating data in database: 
2024-04-17 17:57:47,689 - ERROR - Error storing geometries: 
2024-04-17 17:57:47,726 - ERROR - Error storing geometries: 
2024-04-17 17:57:47,763 - ERROR - Error storing geometries: 
2024-04-17 17:57:47,796 - ERROR - Error storing geometries: 
2024-04-17 17:57:47,836 - ERROR - Error storing geometries: 
2024-04-17 17:57:47,878 - ERROR - Error storing geometries: 
2024-04-17 17:57:47,915 - ERROR - Error storing geometries: 
2024-04-17 17:57:48,245 - INFO - Processing bulletin 9d8b412c-1704-4300-8eb3-9bbd799af793 for region: {'name': 'Gadmertal', 'regionID': 'CH-1246'}
2024-04-17 17:57:48,286 - ERROR - Error updating data in database: 
2024-04-17 17:57:48,294 - INFO - Processing bulletin eb6b81dd-38c0-4566-8af5-32448b47a19b for region: {'name': 'Vouvry', 'regionID': 'CH-1311'}
2024-04-17 17:57:48,328 - ERROR - Error updating data in database: 
2024-04-17 17:57:48,328 - INFO - Processing bulletin fb7650d7-06c0-4089-8e7a-1ec688becb59 for region: {'name': 'Val Sumvitg', 'regionID': 'CH-5215'}
2024-04-17 17:57:48,362 - ERROR - Error updating data in database: 
2024-04-17 17:57:48,362 - INFO - Processing bulletin e70b295a-098f-452e-82e1-4ddc559677d8 for region: {'name': 'ï¿½stliche Berner Voralpen', 'regionID': 'CH-1212'}
2024-04-17 17:57:48,401 - ERROR - Error updating data in database: 
2024-04-17 17:57:48,401 - INFO - Processing bulletin 328a3347-931e-4272-a3fc-8324b60be6df for region: {'name': 'Mï¿½nstertal', 'regionID': 'CH-7231'}
2024-04-17 17:57:48,442 - ERROR - Error updating data in database: 
2024-04-17 17:57:48,442 - INFO - Processing bulletin f97d43a2-f8e2-4178-b7f4-e09ae6557f3c for region: {'name': 'Yverdon - Bevaix', 'regionID': 'CH-8113'}
2024-04-17 17:57:48,482 - ERROR - Error updating data in database: 
2024-04-17 17:57:48,490 - INFO - Processing bulletin 368cf0ee-47a2-469a-9fdf-b9fdefbdb59b for region: {'name': 'oberes Puschlav', 'regionID': 'CH-7221'}
2024-04-17 17:57:48,523 - ERROR - Error updating data in database: 
2024-04-17 18:01:35,431 - ERROR - Error storing geometries: 
2024-04-17 18:01:35,474 - ERROR - Error storing geometries: 
2024-04-17 18:01:35,498 - ERROR - Error storing geometries: 
2024-04-17 18:01:35,537 - ERROR - Error storing geometries: 
2024-04-17 18:01:35,579 - ERROR - Error storing geometries: 
2024-04-17 18:01:35,619 - ERROR - Error storing geometries: 
2024-04-17 18:01:35,665 - ERROR - Error storing geometries: 
2024-04-17 18:01:35,957 - INFO - Processing bulletin 9d8b412c-1704-4300-8eb3-9bbd799af793 for region: {'name': 'Gadmertal', 'regionID': 'CH-1246'}
2024-04-17 18:01:36,003 - ERROR - Error updating data in database: 
2024-04-17 18:01:36,003 - INFO - Processing bulletin eb6b81dd-38c0-4566-8af5-32448b47a19b for region: {'name': 'Vouvry', 'regionID': 'CH-1311'}
2024-04-17 18:01:36,043 - ERROR - Error updating data in database: 
2024-04-17 18:01:36,043 - INFO - Processing bulletin fb7650d7-06c0-4089-8e7a-1ec688becb59 for region: {'name': 'Val Sumvitg', 'regionID': 'CH-5215'}
2024-04-17 18:01:36,084 - ERROR - Error updating data in database: 
2024-04-17 18:01:36,084 - INFO - Processing bulletin e70b295a-098f-452e-82e1-4ddc559677d8 for region: {'name': 'ï¿½stliche Berner Voralpen', 'regionID': 'CH-1212'}
2024-04-17 18:01:36,119 - ERROR - Error updating data in database: 
2024-04-17 18:01:36,119 - INFO - Processing bulletin 328a3347-931e-4272-a3fc-8324b60be6df for region: {'name': 'Mï¿½nstertal', 'regionID': 'CH-7231'}
2024-04-17 18:01:36,158 - ERROR - Error updating data in database: 
2024-04-17 18:01:36,158 - INFO - Processing bulletin f97d43a2-f8e2-4178-b7f4-e09ae6557f3c for region: {'name': 'Yverdon - Bevaix', 'regionID': 'CH-8113'}
2024-04-17 18:01:36,191 - ERROR - Error updating data in database: 
2024-04-17 18:01:36,191 - INFO - Processing bulletin 368cf0ee-47a2-469a-9fdf-b9fdefbdb59b for region: {'name': 'oberes Puschlav', 'regionID': 'CH-7221'}
2024-04-17 18:01:36,222 - ERROR - Error updating data in database: 
2024-04-17 18:03:19,816 - INFO - Processing bulletin 9d8b412c-1704-4300-8eb3-9bbd799af793 for region: {'name': 'Gadmertal', 'regionID': 'CH-1246'}
2024-04-17 18:03:19,881 - INFO - Processing bulletin eb6b81dd-38c0-4566-8af5-32448b47a19b for region: {'name': 'Vouvry', 'regionID': 'CH-1311'}
2024-04-17 18:03:19,928 - INFO - Processing bulletin fb7650d7-06c0-4089-8e7a-1ec688becb59 for region: {'name': 'Val Sumvitg', 'regionID': 'CH-5215'}
2024-04-17 18:03:19,985 - INFO - Processing bulletin e70b295a-098f-452e-82e1-4ddc559677d8 for region: {'name': 'ï¿½stliche Berner Voralpen', 'regionID': 'CH-1212'}
2024-04-17 18:03:20,066 - INFO - Processing bulletin 328a3347-931e-4272-a3fc-8324b60be6df for region: {'name': 'Mï¿½nstertal', 'regionID': 'CH-7231'}
2024-04-17 18:03:20,107 - INFO - Processing bulletin f97d43a2-f8e2-4178-b7f4-e09ae6557f3c for region: {'name': 'Yverdon - Bevaix', 'regionID': 'CH-8113'}
2024-04-17 18:03:20,155 - INFO - Processing bulletin 368cf0ee-47a2-469a-9fdf-b9fdefbdb59b for region: {'name': 'oberes Puschlav', 'regionID': 'CH-7221'}
2024-04-17 18:04:52,052 - INFO - Processing bulletin 9d8b412c-1704-4300-8eb3-9bbd799af793 for region: {'name': 'Gadmertal', 'regionID': 'CH-1246'}
2024-04-17 18:04:52,120 - INFO - Processing bulletin eb6b81dd-38c0-4566-8af5-32448b47a19b for region: {'name': 'Vouvry', 'regionID': 'CH-1311'}
2024-04-17 18:04:52,173 - INFO - Processing bulletin fb7650d7-06c0-4089-8e7a-1ec688becb59 for region: {'name': 'Val Sumvitg', 'regionID': 'CH-5215'}
2024-04-17 18:04:52,215 - INFO - Processing bulletin e70b295a-098f-452e-82e1-4ddc559677d8 for region: {'name': 'östliche Berner Voralpen', 'regionID': 'CH-1212'}
2024-04-17 18:04:52,263 - INFO - Processing bulletin 328a3347-931e-4272-a3fc-8324b60be6df for region: {'name': 'Münstertal', 'regionID': 'CH-7231'}
2024-04-17 18:04:52,307 - INFO - Processing bulletin f97d43a2-f8e2-4178-b7f4-e09ae6557f3c for region: {'name': 'Yverdon - Bevaix', 'regionID': 'CH-8113'}
2024-04-17 18:04:52,353 - INFO - Processing bulletin 368cf0ee-47a2-469a-9fdf-b9fdefbdb59b for region: {'name': 'oberes Puschlav', 'regionID': 'CH-7221'}
2024-04-17 18:06:46,890 - INFO - Processing bulletin 9d8b412c-1704-4300-8eb3-9bbd799af793 for region: {'name': 'Gadmertal', 'regionID': 'CH-1246'}
2024-04-17 18:06:46,956 - INFO - Processing bulletin eb6b81dd-38c0-4566-8af5-32448b47a19b for region: {'name': 'Vouvry', 'regionID': 'CH-1311'}
2024-04-17 18:06:47,005 - INFO - Processing bulletin fb7650d7-06c0-4089-8e7a-1ec688becb59 for region: {'name': 'Val Sumvitg', 'regionID': 'CH-5215'}
2024-04-17 18:06:47,061 - INFO - Processing bulletin e70b295a-098f-452e-82e1-4ddc559677d8 for region: {'name': 'östliche Berner Voralpen', 'regionID': 'CH-1212'}
2024-04-17 18:06:47,235 - INFO - Processing bulletin 328a3347-931e-4272-a3fc-8324b60be6df for region: {'name': 'Münstertal', 'regionID': 'CH-7231'}
2024-04-17 18:06:47,407 - INFO - Processing bulletin f97d43a2-f8e2-4178-b7f4-e09ae6557f3c for region: {'name': 'Yverdon - Bevaix', 'regionID': 'CH-8113'}
2024-04-17 18:06:47,464 - INFO - Processing bulletin 368cf0ee-47a2-469a-9fdf-b9fdefbdb59b for region: {'name': 'oberes Puschlav', 'regionID': 'CH-7221'}
2024-04-17 18:08:13,942 - INFO - Processing bulletin 9d8b412c-1704-4300-8eb3-9bbd799af793 for region: {'name': 'Gadmertal', 'regionID': 'CH-1246'}
2024-04-17 18:08:14,006 - INFO - Processing bulletin eb6b81dd-38c0-4566-8af5-32448b47a19b for region: {'name': 'Vouvry', 'regionID': 'CH-1311'}
2024-04-17 18:08:14,047 - INFO - Processing bulletin fb7650d7-06c0-4089-8e7a-1ec688becb59 for region: {'name': 'Val Sumvitg', 'regionID': 'CH-5215'}
2024-04-17 18:08:14,093 - INFO - Processing bulletin e70b295a-098f-452e-82e1-4ddc559677d8 for region: {'name': 'östliche Berner Voralpen', 'regionID': 'CH-1212'}
2024-04-17 18:08:14,136 - INFO - Processing bulletin 328a3347-931e-4272-a3fc-8324b60be6df for region: {'name': 'Münstertal', 'regionID': 'CH-7231'}
2024-04-17 18:08:14,176 - INFO - Processing bulletin f97d43a2-f8e2-4178-b7f4-e09ae6557f3c for region: {'name': 'Yverdon - Bevaix', 'regionID': 'CH-8113'}
2024-04-17 18:08:14,210 - INFO - Processing bulletin 368cf0ee-47a2-469a-9fdf-b9fdefbdb59b for region: {'name': 'oberes Puschlav', 'regionID': 'CH-7221'}
2024-04-17 18:15:22,003 - INFO - Processing bulletin 9d8b412c-1704-4300-8eb3-9bbd799af793 for region: {'name': 'Gadmertal', 'regionID': 'CH-1246'}
2024-04-17 18:15:22,061 - INFO - Processing bulletin eb6b81dd-38c0-4566-8af5-32448b47a19b for region: {'name': 'Vouvry', 'regionID': 'CH-1311'}
2024-04-17 18:15:22,105 - INFO - Processing bulletin fb7650d7-06c0-4089-8e7a-1ec688becb59 for region: {'name': 'Val Sumvitg', 'regionID': 'CH-5215'}
2024-04-17 18:15:22,146 - INFO - Processing bulletin e70b295a-098f-452e-82e1-4ddc559677d8 for region: {'name': 'östliche Berner Voralpen', 'regionID': 'CH-1212'}
2024-04-17 18:15:22,184 - INFO - Processing bulletin 328a3347-931e-4272-a3fc-8324b60be6df for region: {'name': 'Münstertal', 'regionID': 'CH-7231'}
2024-04-17 18:15:22,223 - INFO - Processing bulletin f97d43a2-f8e2-4178-b7f4-e09ae6557f3c for region: {'name': 'Yverdon - Bevaix', 'regionID': 'CH-8113'}
2024-04-17 18:15:22,264 - INFO - Processing bulletin 368cf0ee-47a2-469a-9fdf-b9fdefbdb59b for region: {'name': 'oberes Puschlav', 'regionID': 'CH-7221'}
2024-04-17 18:16:03,806 - INFO - Processing bulletin 9d8b412c-1704-4300-8eb3-9bbd799af793 for region: {'name': 'Gadmertal', 'regionID': 'CH-1246'}
2024-04-17 18:16:03,872 - INFO - Processing bulletin eb6b81dd-38c0-4566-8af5-32448b47a19b for region: {'name': 'Vouvry', 'regionID': 'CH-1311'}
2024-04-17 18:16:03,930 - INFO - Processing bulletin fb7650d7-06c0-4089-8e7a-1ec688becb59 for region: {'name': 'Val Sumvitg', 'regionID': 'CH-5215'}
2024-04-17 18:16:03,979 - INFO - Processing bulletin e70b295a-098f-452e-82e1-4ddc559677d8 for region: {'name': 'östliche Berner Voralpen', 'regionID': 'CH-1212'}
2024-04-17 18:16:04,028 - INFO - Processing bulletin 328a3347-931e-4272-a3fc-8324b60be6df for region: {'name': 'Münstertal', 'regionID': 'CH-7231'}
2024-04-17 18:16:04,076 - INFO - Processing bulletin f97d43a2-f8e2-4178-b7f4-e09ae6557f3c for region: {'name': 'Yverdon - Bevaix', 'regionID': 'CH-8113'}
2024-04-17 18:16:04,125 - INFO - Processing bulletin 368cf0ee-47a2-469a-9fdf-b9fdefbdb59b for region: {'name': 'oberes Puschlav', 'regionID': 'CH-7221'}
2024-04-17 18:16:31,934 - INFO - Processing bulletin 9d8b412c-1704-4300-8eb3-9bbd799af793 for region: {'name': 'Gadmertal', 'regionID': 'CH-1246'}
2024-04-17 18:16:31,996 - INFO - Processing bulletin eb6b81dd-38c0-4566-8af5-32448b47a19b for region: {'name': 'Vouvry', 'regionID': 'CH-1311'}
2024-04-17 18:16:32,048 - INFO - Processing bulletin fb7650d7-06c0-4089-8e7a-1ec688becb59 for region: {'name': 'Val Sumvitg', 'regionID': 'CH-5215'}
2024-04-17 18:16:32,097 - INFO - Processing bulletin e70b295a-098f-452e-82e1-4ddc559677d8 for region: {'name': 'östliche Berner Voralpen', 'regionID': 'CH-1212'}
2024-04-17 18:16:32,146 - INFO - Processing bulletin 328a3347-931e-4272-a3fc-8324b60be6df for region: {'name': 'Münstertal', 'regionID': 'CH-7231'}
2024-04-17 18:16:32,302 - INFO - Processing bulletin f97d43a2-f8e2-4178-b7f4-e09ae6557f3c for region: {'name': 'Yverdon - Bevaix', 'regionID': 'CH-8113'}
2024-04-17 18:16:32,351 - INFO - Processing bulletin 368cf0ee-47a2-469a-9fdf-b9fdefbdb59b for region: {'name': 'oberes Puschlav', 'regionID': 'CH-7221'}
2024-04-17 18:17:04,659 - INFO - Processing bulletin 9d8b412c-1704-4300-8eb3-9bbd799af793 for region: {'name': 'Gadmertal', 'regionID': 'CH-1246'}
2024-04-17 18:17:04,733 - INFO - Processing bulletin eb6b81dd-38c0-4566-8af5-32448b47a19b for region: {'name': 'Vouvry', 'regionID': 'CH-1311'}
2024-04-17 18:17:04,798 - INFO - Processing bulletin fb7650d7-06c0-4089-8e7a-1ec688becb59 for region: {'name': 'Val Sumvitg', 'regionID': 'CH-5215'}
2024-04-17 18:17:04,848 - INFO - Processing bulletin e70b295a-098f-452e-82e1-4ddc559677d8 for region: {'name': 'östliche Berner Voralpen', 'regionID': 'CH-1212'}
2024-04-17 18:17:05,027 - INFO - Processing bulletin 328a3347-931e-4272-a3fc-8324b60be6df for region: {'name': 'Münstertal', 'regionID': 'CH-7231'}
2024-04-17 18:17:05,099 - INFO - Processing bulletin f97d43a2-f8e2-4178-b7f4-e09ae6557f3c for region: {'name': 'Yverdon - Bevaix', 'regionID': 'CH-8113'}
2024-04-17 18:17:05,140 - INFO - Processing bulletin 368cf0ee-47a2-469a-9fdf-b9fdefbdb59b for region: {'name': 'oberes Puschlav', 'regionID': 'CH-7221'}
2024-05-01 14:37:01,830 - ERROR - Error storing geometries: column "b_region_id" of relation "bulletins" does not exist
LINE 1: INSERT INTO BULLETINS (B_GEOMETRIE, B_REGION_ID)
                                            ^

2024-05-01 14:37:01,959 - ERROR - Error storing geometries: column "b_region_id" of relation "bulletins" does not exist
LINE 1: INSERT INTO BULLETINS (B_GEOMETRIE, B_REGION_ID)
                                            ^

2024-05-01 14:37:02,171 - ERROR - Error storing geometries: column "b_region_id" of relation "bulletins" does not exist
LINE 1: INSERT INTO BULLETINS (B_GEOMETRIE, B_REGION_ID)
                                            ^

2024-05-01 14:37:02,293 - ERROR - Error storing geometries: column "b_region_id" of relation "bulletins" does not exist
LINE 1: INSERT INTO BULLETINS (B_GEOMETRIE, B_REGION_ID)
                                            ^

2024-05-01 14:37:02,388 - ERROR - Error storing geometries: column "b_region_id" of relation "bulletins" does not exist
LINE 1: INSERT INTO BULLETINS (B_GEOMETRIE, B_REGION_ID)
                                            ^

2024-05-01 14:37:02,473 - ERROR - Error storing geometries: column "b_region_id" of relation "bulletins" does not exist
LINE 1: INSERT INTO BULLETINS (B_GEOMETRIE, B_REGION_ID)
                                            ^

2024-05-01 14:37:02,562 - ERROR - Error storing geometries: column "b_region_id" of relation "bulletins" does not exist
LINE 1: INSERT INTO BULLETINS (B_GEOMETRIE, B_REGION_ID)
                                            ^

2024-05-01 14:37:02,643 - ERROR - Error storing geometries: column "b_region_id" of relation "bulletins" does not exist
LINE 1: INSERT INTO BULLETINS (B_GEOMETRIE, B_REGION_ID)
                                            ^

2024-05-01 14:37:03,233 - INFO - Processing bulletin 85c104ac-a3a6-445b-a161-5e4cd9d7e472 for region: {'name': 'nördliches Simplon Gebiet', 'regionID': 'CH-4231'}
2024-05-01 14:37:03,325 - ERROR - Error updating data in database: column "b_region_id" does not exist
LINE 4:                                         WHERE B_REGION_ID = ...
                                                      ^
HINT:  Perhaps you meant to reference the column "bulletins.b_regio_id".

2024-05-01 14:37:03,325 - INFO - Processing bulletin 7290bb69-6b55-4a7a-97ff-45078da55af8 for region: {'name': 'südliches Obergoms', 'regionID': 'CH-4244'}
2024-05-01 14:37:03,401 - ERROR - Error updating data in database: column "b_region_id" does not exist
LINE 4:                                         WHERE B_REGION_ID = ...
                                                      ^
HINT:  Perhaps you meant to reference the column "bulletins.b_regio_id".

2024-05-01 14:37:03,401 - INFO - Processing bulletin 1c009aec-4a8b-46ab-a60e-ad712f50ea49 for region: {'name': 'Corvatsch', 'regionID': 'CH-7111'}
2024-05-01 14:37:03,460 - ERROR - Error updating data in database: column "b_region_id" does not exist
LINE 4:                                         WHERE B_REGION_ID = ...
                                                      ^
HINT:  Perhaps you meant to reference the column "bulletins.b_regio_id".

2024-05-01 14:37:03,460 - INFO - Processing bulletin 56701bd0-97c9-4a20-9e42-9099fa040417 for region: {'name': 'Gstaad', 'regionID': 'CH-1222'}
2024-05-01 14:37:03,523 - ERROR - Error updating data in database: column "b_region_id" does not exist
LINE 4:                                         WHERE B_REGION_ID = ...
                                                      ^
HINT:  Perhaps you meant to reference the column "bulletins.b_regio_id".

2024-05-01 14:37:03,523 - INFO - Processing bulletin c8812fb0-ad95-4d6f-9907-8b6a7f3b83c1 for region: {'name': 'Luganese', 'regionID': 'CH-6131'}
2024-05-01 14:37:03,587 - ERROR - Error updating data in database: column "b_region_id" does not exist
LINE 4:                                         WHERE B_REGION_ID = ...
                                                      ^
HINT:  Perhaps you meant to reference the column "bulletins.b_regio_id".

2024-05-01 14:37:03,587 - INFO - Processing bulletin 79f576f7-6de6-4e8b-ad13-57c7dc4605fe for region: {'name': 'Münstertal', 'regionID': 'CH-7231'}
2024-05-01 14:37:03,649 - ERROR - Error updating data in database: column "b_region_id" does not exist
LINE 4:                                         WHERE B_REGION_ID = ...
                                                      ^
HINT:  Perhaps you meant to reference the column "bulletins.b_regio_id".

2024-05-01 14:37:03,649 - INFO - Processing bulletin 85ffa50e-1529-4d98-8e5c-733b7a544709 for region: {'name': 'oberes Puschlav', 'regionID': 'CH-7221'}
2024-05-01 14:37:03,717 - ERROR - Error updating data in database: column "b_region_id" does not exist
LINE 4:                                         WHERE B_REGION_ID = ...
                                                      ^
HINT:  Perhaps you meant to reference the column "bulletins.b_regio_id".

2024-05-01 14:37:03,717 - INFO - Processing bulletin ba61e12b-9e4e-4239-920c-e4d0231f7d25 for region: {'name': 'Vouvry', 'regionID': 'CH-1311'}
2024-05-01 14:37:03,785 - ERROR - Error updating data in database: column "b_region_id" does not exist
LINE 4:                                         WHERE B_REGION_ID = ...
                                                      ^
HINT:  Perhaps you meant to reference the column "bulletins.b_regio_id".

