2024-05-13 10:17:22,393 - ERROR - Database error for station DAV2: could not connect to server: Connection refused (0x0000274D/10061)
	Is the server running on host "localhost" (::1) and accepting
	TCP/IP connections on port 5433?
could not connect to server: Connection refused (0x0000274D/10061)
	Is the server running on host "localhost" (127.0.0.1) and accepting
	TCP/IP connections on port 5433?

2024-05-13 10:17:26,876 - ERROR - Database error for station VSC1: could not connect to server: Connection refused (0x0000274D/10061)
	Is the server running on host "localhost" (::1) and accepting
	TCP/IP connections on port 5433?
could not connect to server: Connection refused (0x0000274D/10061)
	Is the server running on host "localhost" (127.0.0.1) and accepting
	TCP/IP connections on port 5433?

2024-05-13 10:17:31,386 - ERROR - Database error for station MUT2: could not connect to server: Connection refused (0x0000274D/10061)
	Is the server running on host "localhost" (::1) and accepting
	TCP/IP connections on port 5433?
could not connect to server: Connection refused (0x0000274D/10061)
	Is the server running on host "localhost" (127.0.0.1) and accepting
	TCP/IP connections on port 5433?

2024-05-13 10:17:35,862 - ERROR - Database error for station TUM2: could not connect to server: Connection refused (0x0000274D/10061)
	Is the server running on host "localhost" (::1) and accepting
	TCP/IP connections on port 5433?
could not connect to server: Connection refused (0x0000274D/10061)
	Is the server running on host "localhost" (127.0.0.1) and accepting
	TCP/IP connections on port 5433?

2024-05-13 10:17:40,441 - ERROR - Database error for station GLA2: could not connect to server: Connection refused (0x0000274D/10061)
	Is the server running on host "localhost" (::1) and accepting
	TCP/IP connections on port 5433?
could not connect to server: Connection refused (0x0000274D/10061)
	Is the server running on host "localhost" (127.0.0.1) and accepting
	TCP/IP connections on port 5433?

2024-05-13 10:17:45,020 - ERROR - Database error for station GAN2: could not connect to server: Connection refused (0x0000274D/10061)
	Is the server running on host "localhost" (::1) and accepting
	TCP/IP connections on port 5433?
could not connect to server: Connection refused (0x0000274D/10061)
	Is the server running on host "localhost" (127.0.0.1) and accepting
	TCP/IP connections on port 5433?

2024-05-13 10:17:49,488 - ERROR - Database error for station GOR2: could not connect to server: Connection refused (0x0000274D/10061)
	Is the server running on host "localhost" (::1) and accepting
	TCP/IP connections on port 5433?
could not connect to server: Connection refused (0x0000274D/10061)
	Is the server running on host "localhost" (127.0.0.1) and accepting
	TCP/IP connections on port 5433?

2024-05-13 10:17:54,031 - ERROR - Database error for station GOM1: could not connect to server: Connection refused (0x0000274D/10061)
	Is the server running on host "localhost" (::1) and accepting
	TCP/IP connections on port 5433?
could not connect to server: Connection refused (0x0000274D/10061)
	Is the server running on host "localhost" (127.0.0.1) and accepting
	TCP/IP connections on port 5433?

2024-05-13 10:17:58,476 - ERROR - Database error for station ILI1: could not connect to server: Connection refused (0x0000274D/10061)
	Is the server running on host "localhost" (::1) and accepting
	TCP/IP connections on port 5433?
could not connect to server: Connection refused (0x0000274D/10061)
	Is the server running on host "localhost" (127.0.0.1) and accepting
	TCP/IP connections on port 5433?

2024-05-13 10:18:55,082 - ERROR - Database error for station DAV2: 
2024-05-13 10:18:55,411 - ERROR - Database error for station VSC1: 
2024-05-13 10:18:55,740 - ERROR - Database error for station MUT2: 
2024-05-13 10:18:56,101 - ERROR - Database error for station TUM2: 
2024-05-13 10:18:56,432 - ERROR - Database error for station GLA2: 
2024-05-13 10:18:56,809 - ERROR - Database error for station GAN2: 
2024-05-13 10:18:57,163 - ERROR - Database error for station GOR2: 
2024-05-13 10:18:57,465 - ERROR - Database error for station GOM1: 
2024-05-13 10:18:57,793 - ERROR - Database error for station ILI1: 
2024-05-13 10:18:58,141 - ERROR - Database error for station VAL2: 
2024-05-13 10:18:58,711 - ERROR - Database error for station BEL2: 
2024-05-13 10:18:59,214 - ERROR - Database error for station TAM3: 
2024-05-13 10:18:59,719 - ERROR - Database error for station ILI2: 
2024-05-13 10:19:00,242 - ERROR - Database error for station MAN1: 
2024-05-13 10:19:00,722 - ERROR - Database error for station GOS2: 
2024-05-13 10:19:01,271 - ERROR - Database error for station ROT3: 
2024-05-13 10:19:01,717 - ERROR - Database error for station FUL2: 
2024-05-13 10:19:02,155 - ERROR - Database error for station ADE3: 
2024-05-13 10:19:02,480 - ERROR - Database error for station FRA2: 
2024-05-13 10:19:03,020 - ERROR - Database error for station SMN2: 
2024-05-13 10:19:03,520 - ERROR - Database error for station BER1: 
2024-05-13 10:19:04,040 - ERROR - Database error for station VLS2: 
2024-05-13 10:19:04,484 - ERROR - Database error for station HIN1: 
2024-05-13 10:19:04,954 - ERROR - Database error for station KLO1: 
2024-05-13 10:19:05,520 - ERROR - Database error for station NEN3: 
2024-05-13 10:19:05,995 - ERROR - Database error for station ARO1: 
2024-05-13 10:19:06,491 - ERROR - Database error for station ADE2: 
2024-05-13 10:19:07,003 - ERROR - Database error for station GRA2: 
2024-05-13 10:21:18,322 - INFO - Measurement fetched and stored for station: DAV2
2024-05-13 10:21:18,650 - ERROR - Database error for station VSC1: FEHLER:  NULL-Wert in Spalte »sh_hoehe« von Relation »schneehoehe« verletzt Not-Null-Constraint
DETAIL:  Fehlgeschlagene Zeile enthält (2951, 2024-05-13 08:00:00, null, VSC1).

2024-05-13 10:21:19,003 - INFO - Measurement fetched and stored for station: MUT2
2024-05-13 10:21:19,344 - INFO - Measurement fetched and stored for station: TUM2
2024-05-13 10:21:19,669 - INFO - Measurement fetched and stored for station: GLA2
2024-05-13 10:21:20,026 - INFO - Measurement fetched and stored for station: GAN2
2024-05-13 10:21:20,444 - INFO - Measurement fetched and stored for station: GOR2
2024-05-13 10:21:20,767 - ERROR - Database error for station GOM1: FEHLER:  NULL-Wert in Spalte »sh_hoehe« von Relation »schneehoehe« verletzt Not-Null-Constraint
DETAIL:  Fehlgeschlagene Zeile enthält (2957, 2024-05-13 08:00:00, null, GOM1).

2024-05-13 10:21:21,082 - ERROR - Database error for station ILI1: FEHLER:  NULL-Wert in Spalte »sh_hoehe« von Relation »schneehoehe« verletzt Not-Null-Constraint
DETAIL:  Fehlgeschlagene Zeile enthält (2958, 2024-05-13 08:00:00, null, ILI1).

2024-05-13 10:21:21,565 - INFO - Measurement fetched and stored for station: VAL2
2024-05-13 10:21:21,901 - INFO - Measurement fetched and stored for station: BEL2
2024-05-13 10:21:22,227 - INFO - Measurement fetched and stored for station: TAM3
2024-05-13 10:21:22,570 - INFO - Measurement fetched and stored for station: ILI2
2024-05-13 10:21:22,894 - ERROR - Database error for station MAN1: FEHLER:  NULL-Wert in Spalte »sh_hoehe« von Relation »schneehoehe« verletzt Not-Null-Constraint
DETAIL:  Fehlgeschlagene Zeile enthält (2963, 2024-05-13 08:00:00, null, MAN1).

2024-05-13 10:21:23,216 - INFO - Measurement fetched and stored for station: GOS2
2024-05-13 10:21:23,547 - INFO - Measurement fetched and stored for station: ROT3
2024-05-13 10:21:23,894 - INFO - Measurement fetched and stored for station: FUL2
2024-05-13 10:21:24,206 - ERROR - Database error for station ADE3: FEHLER:  NULL-Wert in Spalte »sh_hoehe« von Relation »schneehoehe« verletzt Not-Null-Constraint
DETAIL:  Fehlgeschlagene Zeile enthält (2967, 2024-05-13 08:00:00, null, ADE3).

2024-05-13 10:21:24,738 - INFO - Measurement fetched and stored for station: FRA2
2024-05-13 10:21:25,071 - INFO - Measurement fetched and stored for station: SMN2
2024-05-13 10:21:25,404 - ERROR - Database error for station BER1: FEHLER:  NULL-Wert in Spalte »sh_hoehe« von Relation »schneehoehe« verletzt Not-Null-Constraint
DETAIL:  Fehlgeschlagene Zeile enthält (2970, 2024-05-13 08:00:00, null, BER1).

2024-05-13 10:21:25,719 - INFO - Measurement fetched and stored for station: VLS2
2024-05-13 10:21:26,029 - ERROR - Database error for station HIN1: FEHLER:  NULL-Wert in Spalte »sh_hoehe« von Relation »schneehoehe« verletzt Not-Null-Constraint
DETAIL:  Fehlgeschlagene Zeile enthält (2972, 2024-05-13 08:00:00, null, HIN1).

2024-05-13 10:21:26,348 - ERROR - Database error for station KLO1: FEHLER:  NULL-Wert in Spalte »sh_hoehe« von Relation »schneehoehe« verletzt Not-Null-Constraint
DETAIL:  Fehlgeschlagene Zeile enthält (2973, 2024-05-13 08:00:00, null, KLO1).

2024-05-13 10:21:26,702 - INFO - Measurement fetched and stored for station: NEN3
2024-05-13 10:21:27,000 - ERROR - Database error for station ARO1: FEHLER:  NULL-Wert in Spalte »sh_hoehe« von Relation »schneehoehe« verletzt Not-Null-Constraint
DETAIL:  Fehlgeschlagene Zeile enthält (2975, 2024-05-13 08:00:00, null, ARO1).

2024-05-13 10:21:27,327 - INFO - Measurement fetched and stored for station: ADE2
2024-05-13 10:21:27,649 - INFO - Measurement fetched and stored for station: GRA2
2024-05-13 10:21:27,992 - INFO - Measurement fetched and stored for station: CAM2
2024-05-13 10:21:28,545 - INFO - Measurement fetched and stored for station: PLD2
2024-05-13 10:21:29,035 - INFO - Measurement fetched and stored for station: SCH2
2024-05-13 10:21:29,554 - ERROR - Database error for station KES1: FEHLER:  NULL-Wert in Spalte »sh_hoehe« von Relation »schneehoehe« verletzt Not-Null-Constraint
DETAIL:  Fehlgeschlagene Zeile enthält (2981, 2024-05-13 08:00:00, null, KES1).

2024-05-13 10:21:30,059 - INFO - Measurement fetched and stored for station: LUM2
2024-05-13 10:21:30,566 - ERROR - Database error for station LAU1: FEHLER:  NULL-Wert in Spalte »sh_hoehe« von Relation »schneehoehe« verletzt Not-Null-Constraint
DETAIL:  Fehlgeschlagene Zeile enthält (2983, 2024-05-13 08:00:00, null, LAU1).

2024-05-13 10:21:31,091 - INFO - Measurement fetched and stored for station: FRA3
2024-05-13 10:21:31,541 - INFO - Measurement fetched and stored for station: KLT4
2024-05-13 10:21:32,114 - INFO - Measurement fetched and stored for station: JUL2
2024-05-13 10:21:32,580 - ERROR - Database error for station JUL1: FEHLER:  NULL-Wert in Spalte »sh_hoehe« von Relation »schneehoehe« verletzt Not-Null-Constraint
DETAIL:  Fehlgeschlagene Zeile enthält (2987, 2024-05-13 08:00:00, null, JUL1).

2024-05-13 10:21:33,021 - ERROR - Database error for station OFE1: FEHLER:  NULL-Wert in Spalte »sh_hoehe« von Relation »schneehoehe« verletzt Not-Null-Constraint
DETAIL:  Fehlgeschlagene Zeile enthält (2988, 2024-05-13 08:00:00, null, OFE1).

2024-05-13 10:21:33,667 - INFO - Measurement fetched and stored for station: ROA2
2024-05-13 10:21:34,121 - INFO - Measurement fetched and stored for station: TIT2
2024-05-13 10:21:34,680 - INFO - Measurement fetched and stored for station: CON2
2024-05-13 10:21:35,183 - INFO - Measurement fetched and stored for station: GOM2
2024-05-13 10:21:35,815 - INFO - Measurement fetched and stored for station: STN2
2024-05-13 10:21:36,285 - INFO - Measurement fetched and stored for station: CMA2
2024-05-13 10:21:36,752 - INFO - Measurement fetched and stored for station: LAU2
2024-05-13 10:21:37,204 - ERROR - Database error for station FOU1: FEHLER:  NULL-Wert in Spalte »sh_hoehe« von Relation »schneehoehe« verletzt Not-Null-Constraint
DETAIL:  Fehlgeschlagene Zeile enthält (2996, 2024-05-13 08:00:00, null, FOU1).

2024-05-13 10:21:37,634 - ERROR - Database error for station ROA1: FEHLER:  NULL-Wert in Spalte »sh_hoehe« von Relation »schneehoehe« verletzt Not-Null-Constraint
DETAIL:  Fehlgeschlagene Zeile enthält (2997, 2024-05-13 08:00:00, null, ROA1).

2024-05-13 10:21:38,094 - INFO - Measurement fetched and stored for station: AMD2
