2024-03-29 17:57:55,375 - INSERT INTO Schneehoehe (SH_Zeit, SH_Hoehe) VALUES (TIMESTAMP '2024-03-28T17:00:00Z', 222.4)
2024-03-29 17:58:44,251 - INSERT INTO Schneehoehe (SH_Zeit, SH_Hoehe) VALUES (TIMESTAMP '2024-03-28T17:00:00Z', 222.4)
2024-03-29 18:05:04,525 - INSERT INTO Schneehoehe (Station_code,SH_Zeit, SH_Hoehe) VALUES ('[0]',TIMESTAMP '2024-03-28T17:30:00Z', 222.7)
2024-03-29 18:05:25,889 - INSERT INTO Schneehoehe (Station_code,SH_Zeit, SH_Hoehe) VALUES ('[0]',TIMESTAMP '2024-03-28T17:30:00Z', 317.0)
2024-03-29 18:05:36,817 - INSERT INTO Schneehoehe (Station_code,SH_Zeit, SH_Hoehe) VALUES ('[0]',TIMESTAMP '2024-03-28T17:30:00Z', 191.3)
2024-03-29 18:07:17,783 - INSERT INTO Schneehoehe (Station_code,SH_Zeit, SH_Hoehe) VALUES ('[0]',TIMESTAMP '2024-03-28T17:30:00Z', 222.7)
2024-03-29 18:07:37,542 - INSERT INTO Schneehoehe (Station_code,SH_Zeit, SH_Hoehe) VALUES ('[0]',TIMESTAMP '2024-03-28T17:30:00Z', 222.7)
2024-03-29 18:19:28,070 - INSERT INTO Schneehoehe (Station_code, SH_Zeit, SH_Hoehe) VALUES ('DAV2', TIMESTAMP '2024-03-28T17:30:00Z', 222.7)
2024-03-29 18:19:49,214 - INSERT INTO Schneehoehe (Station_code, SH_Zeit, SH_Hoehe) VALUES ('MUT2', TIMESTAMP '2024-03-28T17:30:00Z', 317.0)
2024-03-29 18:19:59,985 - INSERT INTO Schneehoehe (Station_code, SH_Zeit, SH_Hoehe) VALUES ('TUM2', TIMESTAMP '2024-03-28T17:30:00Z', 191.3)
2024-03-29 18:20:10,431 - INSERT INTO Schneehoehe (Station_code, SH_Zeit, SH_Hoehe) VALUES ('DAV2', TIMESTAMP '2024-03-28T17:30:00Z', 222.7)
2024-03-29 18:20:31,520 - INSERT INTO Schneehoehe (Station_code, SH_Zeit, SH_Hoehe) VALUES ('MUT2', TIMESTAMP '2024-03-28T17:30:00Z', 317.0)
2024-03-29 18:20:41,842 - INSERT INTO Schneehoehe (Station_code, SH_Zeit, SH_Hoehe) VALUES ('TUM2', TIMESTAMP '2024-03-28T17:30:00Z', 191.3)
2024-03-29 18:20:52,182 - INSERT INTO Schneehoehe (Station_code, SH_Zeit, SH_Hoehe) VALUES ('DAV2', TIMESTAMP '2024-03-28T17:30:00Z', 222.7)
2024-03-29 18:21:19,933 - INSERT INTO Schneehoehe (Station_code, SH_Zeit, SH_Hoehe) VALUES ('MUT2', TIMESTAMP '2024-03-28T17:30:00Z', 317.0)
2024-03-29 18:21:30,256 - INSERT INTO Schneehoehe (Station_code, SH_Zeit, SH_Hoehe) VALUES ('TUM2', TIMESTAMP '2024-03-28T17:30:00Z', 191.3)
2024-03-29 18:21:40,572 - INSERT INTO Schneehoehe (Station_code, SH_Zeit, SH_Hoehe) VALUES ('DAV2', TIMESTAMP '2024-03-28T17:30:00Z', 222.7)
2024-03-29 18:22:01,249 - INSERT INTO Schneehoehe (Station_code, SH_Zeit, SH_Hoehe) VALUES ('MUT2', TIMESTAMP '2024-03-28T17:30:00Z', 317.0)
2024-03-29 18:22:11,625 - INSERT INTO Schneehoehe (Station_code, SH_Zeit, SH_Hoehe) VALUES ('TUM2', TIMESTAMP '2024-03-28T17:30:00Z', 191.3)
2024-03-29 18:22:22,047 - INSERT INTO Schneehoehe (Station_code, SH_Zeit, SH_Hoehe) VALUES ('DAV2', TIMESTAMP '2024-03-28T17:30:00Z', 222.7)
2024-03-29 18:22:42,753 - INSERT INTO Schneehoehe (Station_code, SH_Zeit, SH_Hoehe) VALUES ('MUT2', TIMESTAMP '2024-03-28T17:30:00Z', 317.0)
2024-03-29 18:22:53,202 - INSERT INTO Schneehoehe (Station_code, SH_Zeit, SH_Hoehe) VALUES ('TUM2', TIMESTAMP '2024-03-28T17:30:00Z', 191.3)
2024-03-29 18:23:03,591 - INSERT INTO Schneehoehe (Station_code, SH_Zeit, SH_Hoehe) VALUES ('DAV2', TIMESTAMP '2024-03-28T17:30:00Z', 222.7)
2024-03-29 18:23:25,131 - INSERT INTO Schneehoehe (Station_code, SH_Zeit, SH_Hoehe) VALUES ('MUT2', TIMESTAMP '2024-03-28T17:30:00Z', 317.0)
2024-03-29 18:23:35,576 - INSERT INTO Schneehoehe (Station_code, SH_Zeit, SH_Hoehe) VALUES ('TUM2', TIMESTAMP '2024-03-28T17:30:00Z', 191.3)
2024-03-29 18:23:45,994 - INSERT INTO Schneehoehe (Station_code, SH_Zeit, SH_Hoehe) VALUES ('DAV2', TIMESTAMP '2024-03-28T17:30:00Z', 222.7)
2024-03-29 18:24:06,743 - INSERT INTO Schneehoehe (Station_code, SH_Zeit, SH_Hoehe) VALUES ('MUT2', TIMESTAMP '2024-03-28T17:30:00Z', 317.0)
2024-03-29 18:24:17,060 - INSERT INTO Schneehoehe (Station_code, SH_Zeit, SH_Hoehe) VALUES ('TUM2', TIMESTAMP '2024-03-28T17:30:00Z', 191.3)
2024-03-29 18:24:27,367 - INSERT INTO Schneehoehe (Station_code, SH_Zeit, SH_Hoehe) VALUES ('DAV2', TIMESTAMP '2024-03-28T17:30:00Z', 222.7)
2024-03-29 18:24:48,223 - INSERT INTO Schneehoehe (Station_code, SH_Zeit, SH_Hoehe) VALUES ('MUT2', TIMESTAMP '2024-03-28T17:30:00Z', 317.0)
2024-03-29 18:24:58,551 - INSERT INTO Schneehoehe (Station_code, SH_Zeit, SH_Hoehe) VALUES ('TUM2', TIMESTAMP '2024-03-28T17:30:00Z', 191.3)
2024-03-29 18:25:24,480 - INSERT INTO Schneehoehe (Station_code, SH_Zeit, SH_Hoehe) VALUES ('DAV2', TIMESTAMP '2024-03-28T17:30:00Z', 222.7)
2024-03-29 18:25:45,642 - INSERT INTO Schneehoehe (Station_code, SH_Zeit, SH_Hoehe) VALUES ('MUT2', TIMESTAMP '2024-03-28T17:30:00Z', 317.0)
2024-03-29 18:25:56,244 - INSERT INTO Schneehoehe (Station_code, SH_Zeit, SH_Hoehe) VALUES ('TUM2', TIMESTAMP '2024-03-28T17:30:00Z', 191.3)
2024-03-29 18:26:06,595 - INSERT INTO Schneehoehe (Station_code, SH_Zeit, SH_Hoehe) VALUES ('DAV2', TIMESTAMP '2024-03-28T17:30:00Z', 222.7)
2024-03-29 18:26:27,240 - INSERT INTO Schneehoehe (Station_code, SH_Zeit, SH_Hoehe) VALUES ('MUT2', TIMESTAMP '2024-03-28T17:30:00Z', 317.0)
2024-03-29 18:26:37,717 - INSERT INTO Schneehoehe (Station_code, SH_Zeit, SH_Hoehe) VALUES ('TUM2', TIMESTAMP '2024-03-28T17:30:00Z', 191.3)
2024-03-29 18:26:48,029 - INSERT INTO Schneehoehe (Station_code, SH_Zeit, SH_Hoehe) VALUES ('DAV2', TIMESTAMP '2024-03-28T17:30:00Z', 222.7)
2024-03-29 18:27:08,935 - INSERT INTO Schneehoehe (Station_code, SH_Zeit, SH_Hoehe) VALUES ('MUT2', TIMESTAMP '2024-03-28T17:30:00Z', 317.0)
2024-03-29 18:27:20,717 - INSERT INTO Schneehoehe (Station_code, SH_Zeit, SH_Hoehe) VALUES ('TUM2', TIMESTAMP '2024-03-28T17:30:00Z', 191.3)
2024-03-29 18:27:31,145 - INSERT INTO Schneehoehe (Station_code, SH_Zeit, SH_Hoehe) VALUES ('DAV2', TIMESTAMP '2024-03-28T17:30:00Z', 222.7)
2024-03-29 18:27:52,243 - INSERT INTO Schneehoehe (Station_code, SH_Zeit, SH_Hoehe) VALUES ('MUT2', TIMESTAMP '2024-03-28T17:30:00Z', 317.0)
2024-03-29 18:28:02,552 - INSERT INTO Schneehoehe (Station_code, SH_Zeit, SH_Hoehe) VALUES ('TUM2', TIMESTAMP '2024-03-28T17:30:00Z', 191.3)
2024-03-29 18:28:13,298 - INSERT INTO Schneehoehe (Station_code, SH_Zeit, SH_Hoehe) VALUES ('DAV2', TIMESTAMP '2024-03-28T17:30:00Z', 222.7)
2024-03-29 18:28:33,986 - INSERT INTO Schneehoehe (Station_code, SH_Zeit, SH_Hoehe) VALUES ('MUT2', TIMESTAMP '2024-03-28T17:30:00Z', 317.0)
2024-03-29 18:28:44,365 - INSERT INTO Schneehoehe (Station_code, SH_Zeit, SH_Hoehe) VALUES ('TUM2', TIMESTAMP '2024-03-28T17:30:00Z', 191.3)
2024-03-29 18:28:55,005 - INSERT INTO Schneehoehe (Station_code, SH_Zeit, SH_Hoehe) VALUES ('DAV2', TIMESTAMP '2024-03-28T17:30:00Z', 222.7)
2024-03-29 18:29:22,683 - INSERT INTO Schneehoehe (Station_code, SH_Zeit, SH_Hoehe) VALUES ('MUT2', TIMESTAMP '2024-03-28T17:30:00Z', 317.0)
2024-03-29 18:29:32,993 - INSERT INTO Schneehoehe (Station_code, SH_Zeit, SH_Hoehe) VALUES ('TUM2', TIMESTAMP '2024-03-28T17:30:00Z', 191.3)
2024-03-29 18:29:43,318 - INSERT INTO Schneehoehe (Station_code, SH_Zeit, SH_Hoehe) VALUES ('DAV2', TIMESTAMP '2024-03-28T17:30:00Z', 222.7)
2024-03-29 18:30:03,972 - INSERT INTO Schneehoehe (Station_code, SH_Zeit, SH_Hoehe) VALUES ('MUT2', TIMESTAMP '2024-03-28T17:30:00Z', 317.0)
2024-03-29 18:30:14,302 - INSERT INTO Schneehoehe (Station_code, SH_Zeit, SH_Hoehe) VALUES ('TUM2', TIMESTAMP '2024-03-28T17:30:00Z', 191.3)
2024-03-29 18:30:24,632 - INSERT INTO Schneehoehe (Station_code, SH_Zeit, SH_Hoehe) VALUES ('DAV2', TIMESTAMP '2024-03-28T17:30:00Z', 222.7)
2024-03-29 18:30:45,259 - INSERT INTO Schneehoehe (Station_code, SH_Zeit, SH_Hoehe) VALUES ('MUT2', TIMESTAMP '2024-03-28T17:30:00Z', 317.0)
2024-03-29 18:30:55,578 - INSERT INTO Schneehoehe (Station_code, SH_Zeit, SH_Hoehe) VALUES ('TUM2', TIMESTAMP '2024-03-28T17:30:00Z', 191.3)
2024-03-29 18:31:06,107 - INSERT INTO Schneehoehe (Station_code, SH_Zeit, SH_Hoehe) VALUES ('DAV2', TIMESTAMP '2024-03-28T18:00:00Z', 222.1)
2024-03-29 18:31:42,240 - INSERT INTO Schneehoehe (Station_code, SH_Zeit, SH_Hoehe) VALUES ('MUT2', TIMESTAMP '2024-03-28T18:00:00Z', 317.0)
2024-03-29 18:31:52,699 - INSERT INTO Schneehoehe (Station_code, SH_Zeit, SH_Hoehe) VALUES ('TUM2', TIMESTAMP '2024-03-28T18:00:00Z', 191.2)
2024-03-29 18:32:03,023 - INSERT INTO Schneehoehe (Station_code, SH_Zeit, SH_Hoehe) VALUES ('DAV2', TIMESTAMP '2024-03-28T18:00:00Z', 222.1)
2024-03-29 18:32:23,678 - INSERT INTO Schneehoehe (Station_code, SH_Zeit, SH_Hoehe) VALUES ('MUT2', TIMESTAMP '2024-03-28T18:00:00Z', 317.0)
2024-03-29 18:32:33,985 - INSERT INTO Schneehoehe (Station_code, SH_Zeit, SH_Hoehe) VALUES ('TUM2', TIMESTAMP '2024-03-28T18:00:00Z', 191.2)
2024-03-29 18:32:44,341 - INSERT INTO Schneehoehe (Station_code, SH_Zeit, SH_Hoehe) VALUES ('DAV2', TIMESTAMP '2024-03-28T18:00:00Z', 222.1)
2024-03-29 18:33:05,014 - INSERT INTO Schneehoehe (Station_code, SH_Zeit, SH_Hoehe) VALUES ('MUT2', TIMESTAMP '2024-03-28T18:00:00Z', 317.0)
2024-03-29 18:33:15,370 - INSERT INTO Schneehoehe (Station_code, SH_Zeit, SH_Hoehe) VALUES ('TUM2', TIMESTAMP '2024-03-28T18:00:00Z', 191.2)
2024-03-29 20:16:35,873 - INSERT INTO Schneehoehe (Station_code, SH_Zeit, SH_Hoehe) VALUES ('DAV2', TIMESTAMP '2024-03-28T19:30:00Z', 222.8)
2024-03-29 20:16:56,946 - INSERT INTO Schneehoehe (Station_code, SH_Zeit, SH_Hoehe) VALUES ('MUT2', TIMESTAMP '2024-03-28T19:30:00Z', 316.7)
2024-03-29 20:17:07,438 - INSERT INTO Schneehoehe (Station_code, SH_Zeit, SH_Hoehe) VALUES ('TUM2', TIMESTAMP '2024-03-28T19:30:00Z', 190.9)
2024-03-29 20:17:17,789 - INSERT INTO Schneehoehe (Station_code, SH_Zeit, SH_Hoehe) VALUES ('DAV2', TIMESTAMP '2024-03-28T19:30:00Z', 222.8)
2024-03-29 20:17:38,542 - INSERT INTO Schneehoehe (Station_code, SH_Zeit, SH_Hoehe) VALUES ('MUT2', TIMESTAMP '2024-03-28T19:30:00Z', 316.7)
2024-03-29 20:22:40,174 - INSERT INTO Schneehoehe (Station_code, SH_Zeit, SH_Hoehe) VALUES ('ROT3', TIMESTAMP '2024-03-28T19:30:00Z', 238.5)
2024-03-29 20:23:24,945 - INSERT INTO Schneehoehe (Station_code, SH_Zeit, SH_Hoehe) VALUES ('ROT3', TIMESTAMP '2024-03-28T19:30:00Z', 238.5)
2024-03-29 20:23:35,304 - INSERT INTO Schneehoehe (Station_code, SH_Zeit, SH_Hoehe) VALUES ('ROT3', TIMESTAMP '2024-03-28T19:30:00Z', 238.5)
2024-03-29 20:23:45,659 - INSERT INTO Schneehoehe (Station_code, SH_Zeit, SH_Hoehe) VALUES ('ROT3', TIMESTAMP '2024-03-28T19:30:00Z', 238.5)
2024-03-29 20:24:50,889 - INSERT INTO Schneehoehe (Station_code, SH_Zeit, SH_Hoehe) VALUES ('ROT3', TIMESTAMP '2024-03-28T19:30:00Z', 238.5)
2024-03-29 20:25:01,234 - INSERT INTO Schneehoehe (Station_code, SH_Zeit, SH_Hoehe) VALUES ('ROT3', TIMESTAMP '2024-03-28T19:30:00Z', 238.5)
2024-03-29 20:29:03,841 - INSERT INTO Schneehoehe (Station_code, SH_Zeit, SH_Hoehe) VALUES ('VSC1', TIMESTAMP '2024-03-28T19:30:00Z', 0)
2024-03-29 20:29:14,185 - INSERT INTO Schneehoehe (Station_code, SH_Zeit, SH_Hoehe) VALUES ('VSC1', TIMESTAMP '2024-03-28T19:30:00Z', 0)
2024-03-29 20:30:46,765 - INSERT INTO Schneehoehe (Station_code, SH_Zeit, SH_Hoehe) VALUES ('VSC1', TIMESTAMP '2024-03-28T19:30:00Z', NULL)
