2024-04-29 23:19:41|   0.0|  0.0|INFORM|Current FME version: FME 2023.1.0.0 (20230825 - Build 23619 - WIN64)
2024-04-29 23:19:41|   0.0|  0.0|INFORM|System Time: 20240429211941 UTC
2024-04-29 23:19:41|   0.0|  0.0|INFORM|FME_HOME is 'C:\Program Files\FME_Build_23619\'
2024-04-29 23:19:41|   0.0|  0.0|INFORM|FME Form (floating)
2024-04-29 23:19:41|   0.0|  0.0|INFORM|Temporary License: 63 days left.
2024-04-29 23:19:41|   0.0|  0.0|INFORM|Machine host name is: orange
2024-04-29 23:19:41|   0.0|  0.0|INFORM|OS Locale Name     : en_CH
2024-04-29 23:19:41|   0.0|  0.0|INFORM|OS Locale Encoding : windows-1252
2024-04-29 23:19:41|   0.0|  0.0|INFORM|Process Encoding   : UTF-8
2024-04-29 23:19:41|   0.0|  0.0|INFORM|FME API version: '4.0 20230426'
2024-04-29 23:19:41|   0.0|  0.0|INFORM|FME Configuration: FME_BASE is 'no'
2024-04-29 23:19:41|   0.0|  0.0|INFORM|FME Configuration: FME_MF_DIR is 'C:\FHNW_lokal\4230\Alpine_Ace\Routing\02_Pisten_Anlagen/'
2024-04-29 23:19:41|   0.0|  0.0|INFORM|FME Configuration: FME_MF_NAME is 'Routing_Vorbereitung.fmw'
2024-04-29 23:19:41|   0.0|  0.0|INFORM|FME Configuration: FME_PRODUCT_NAME is 'FME(R) 2023.1.0.0'
2024-04-29 23:19:41|   0.0|  0.0|INFORM|Operating System: Microsoft Windows 11 64-bit  (Build 22631)
2024-04-29 23:19:41|   0.0|  0.0|INFORM|FME Platform: WIN64
2024-04-29 23:19:41|   0.0|  0.0|INFORM|System Status: 223.09 GB of disk space available in the FME temporary folder (C:\Temp\QGIS\wbrun_1714422203411_21636\fmetmp_4)
2024-04-29 23:19:41|   0.0|  0.0|INFORM|System Status: 31.69 GB of physical memory available
2024-04-29 23:19:41|   0.0|  0.0|INFORM|System Status: 126.75 GB of virtual memory available
2024-04-29 23:19:41|   0.0|  0.0|INFORM|START - ProcessID: 23476, peak process memory usage: 43080 kB, current process memory usage: 43080 kB
2024-04-29 23:19:41|   0.0|  0.0|INFORM|FME Configuration: Command line arguments are `C:\Program Files\FME_Build_23619\fme.exe' `C:\FHNW_lokal\4230\Alpine_Ace\Routing\02_Pisten_Anlagen\wb-xlate-1714425579887_21636' `LOG_STANDARDOUT' `YES' `LOG_TIMINGS' `YES' `LogCountServerName' `58171' `LOG_STANDARDOUT' `No' `WORKBENCH_LOG_SERVER' `57508'
2024-04-29 23:19:41|   0.0|  0.0|INFORM|FME Configuration: Connection Storage: 'C:\Users\fabia\AppData\Roaming\Safe Software\FME\'
2024-04-29 23:19:41|   0.0|  0.0|INFORM|Shared folders for formats are : C:\Program Files\FME_Build_23619\datasources;C:\Users\fabia\Documents\FME\Formats
2024-04-29 23:19:41|   0.0|  0.0|INFORM|Shared folders for transformers are : C:\Users\fabia\AppData\Roaming\Safe Software\FME\Packages\23619-win64\transformers;C:\Program Files\FME_Build_23619\transformers;C:\Users\fabia\AppData\Roaming\Safe Software\FME\FME Store\Transformers
2024-04-29 23:19:41|   0.0|  0.0|INFORM|Shared folders for coordinate systems are : C:\Users\fabia\Documents\FME\CoordinateSystems
2024-04-29 23:19:41|   0.0|  0.0|INFORM|Shared folders for coordinate system exceptions are : C:\Users\fabia\Documents\FME\CoordinateSystemExceptions
2024-04-29 23:19:41|   0.0|  0.0|INFORM|Shared folders for coordinate system grid overrides are : C:\Users\fabia\Documents\FME\CoordinateSystemGridOverrides
2024-04-29 23:19:41|   0.0|  0.0|INFORM|Shared folders for CS-MAP transformation exceptions are : C:\Users\fabia\Documents\FME\CsmapTransformationExceptions
2024-04-29 23:19:41|   0.0|  0.0|INFORM|Shared folders for transformer categories are : C:\Users\fabia\Documents\FME\TransformerCategories
2024-04-29 23:19:41|   0.0|  0.0|INFORM|FME Configuration: Reader Keyword is `MULTI_READER'
2024-04-29 23:19:41|   0.0|  0.0|INFORM|FME Configuration: Writer Keyword is `PRIMARY_DEST'
2024-04-29 23:19:41|   0.0|  0.0|INFORM|FME Configuration: Writer Group Definition Keyword is `PRIMARY_DEST_DEF'
2024-04-29 23:19:41|   0.0|  0.0|INFORM|FME Configuration: Reader type is `MULTI_READER'
2024-04-29 23:19:41|   0.0|  0.0|INFORM|FME Configuration: Writer type is `MULTI_WRITER'
2024-04-29 23:19:41|   0.0|  0.0|INFORM|FME Configuration: No destination coordinate system set
2024-04-29 23:19:41|   0.0|  0.0|INFORM|FME Configuration: Current working folder is `C:\FHNW_lokal\4230\Alpine_Ace\Routing\02_Pisten_Anlagen'
2024-04-29 23:19:41|   0.0|  0.0|INFORM|FME Configuration: Temporary folder is `C:\Temp\QGIS\wbrun_1714422203411_21636\fmetmp_4', set from environment variable `FME_TEMP'
2024-04-29 23:19:41|   0.0|  0.0|INFORM|FME Configuration: Cache folder is 'C:\Temp\QGIS'
2024-04-29 23:19:41|   0.0|  0.0|INFORM|FME Configuration: FME_HOME is `C:\Program Files\FME_Build_23619\'
2024-04-29 23:19:41|   0.0|  0.0|INFORM|FME Configuration: Start freeing memory when the process exceeds 95.06 GB
2024-04-29 23:19:41|   0.0|  0.0|INFORM|FME Configuration: Stop freeing memory when the process is below 71.30 GB
2024-04-29 23:19:41|   0.0|  0.0|INFORM|Creating writer for format: 
2024-04-29 23:19:41|   0.0|  0.0|INFORM|Creating reader for format: 
2024-04-29 23:19:41|   0.0|  0.0|INFORM|MULTI_READER(MULTI_READER): Will fail with first member reader failure
2024-04-29 23:19:41|   0.0|  0.0|INFORM|Using Multi Reader with keyword `MULTI_READER' to read multiple datasets
2024-04-29 23:19:41|   0.0|  0.0|INFORM|Using MultiWriter with keyword `PRIMARY_DEST' to output data (ID_ATTRIBUTE is `multi_writer_id')
2024-04-29 23:19:41|   0.0|  0.0|INFORM|Writer output will be ordered by value of multi_writer_id
2024-04-29 23:19:41|   0.0|  0.0|INFORM|Loaded module 'LogCount_func' from file 'C:\Program Files\FME_Build_23619\plugins/LogCount_func.dll'
2024-04-29 23:19:41|   0.0|  0.0|INFORM|FME API version of module 'LogCount_func' matches current internal version (4.0 20230426)
2024-04-29 23:19:41|   0.0|  0.0|INFORM|Emptying factory pipeline
2024-04-29 23:19:41|   0.0|  0.0|STATS |Router and Unexpected Input Remover (RoutingFactory): Tested 0 input feature(s), wrote 0 output feature(s): 0 matched merge filters, 0 were routed to output, 0 could not be routed.
2024-04-29 23:19:41|   0.0|  0.0|STATS |Unwanted Router Input Nuker (TeeFactory): Cloned 0 input feature(s) into 0 output feature(s)
2024-04-29 23:19:41|   0.0|  0.0|STATS |public.a_a_routing_noded_POSTGIS_5 Splitter (TeeFactory): Cloned 0 input feature(s) into 0 output feature(s)
2024-04-29 23:19:41|   0.0|  0.0|STATS |text_line_TEXTLINE_2 Splitter (TeeFactory): Cloned 0 input feature(s) into 0 output feature(s)
2024-04-29 23:19:41|   0.0|  0.0|STATS |text_line_TEXTLINE_1 Splitter (TeeFactory): Cloned 0 input feature(s) into 0 output feature(s)
2024-04-29 23:19:41|   0.0|  0.0|STATS |public.anlagen_POSTGIS_2 Splitter (TeeFactory): Cloned 0 input feature(s) into 0 output feature(s)
2024-04-29 23:19:41|   0.0|  0.0|STATS |public.anlagen_endpunkt_POSTGIS_2 Splitter (TeeFactory): Cloned 0 input feature(s) into 0 output feature(s)
2024-04-29 23:19:41|   0.0|  0.0|STATS |public.anlagen_startpunkt_POSTGIS_2 Splitter (TeeFactory): Cloned 0 input feature(s) into 0 output feature(s)
2024-04-29 23:19:41|   0.0|  0.0|STATS |public.pisten_POSTGIS_2 Splitter (TeeFactory): Cloned 0 input feature(s) into 0 output feature(s)
2024-04-29 23:19:41|   0.0|  0.0|STATS |public.pisten_endpunkt_POSTGIS_2 Splitter (TeeFactory): Cloned 0 input feature(s) into 0 output feature(s)
2024-04-29 23:19:41|   0.0|  0.0|STATS |public.pisten_startpunkt_POSTGIS_2 Splitter (TeeFactory): Cloned 0 input feature(s) into 0 output feature(s)
2024-04-29 23:19:41|   0.0|  0.0|STATS |Restoring 20639 feature(s) from FME feature store file `C:\Temp\QGIS\wb-cache-Routing_Vorbereitung-wSFSeZ\Main_LineOnLineOverlayer -1 128 fo 1 LINE  0  83808bfea43ecc14d6a6176977060c21eb99fd5d.ffs'
2024-04-29 23:19:42|   0.3|  0.3|STATS |Tester_2 (TestFactory): Tested 20639 input feature(s) -- 14866 feature(s) passed and 5773 feature(s) failed
2024-04-29 23:19:42|   0.3|  0.0|STATS |Orientor_2 (TeeFactory): Cloned 5773 input feature(s) into 5773 output feature(s)
2024-04-29 23:19:42|   0.3|  0.0|STATS |Orientor_2_Rejector (TestFactory): Tested 5773 input feature(s) -- 0 feature(s) passed and 5773 feature(s) failed
2024-04-29 23:19:42|   0.3|  0.0|STATS |Destination Feature Type Routing Correlator (RoutingFactory): Tested 5773 input feature(s), wrote 5773 output feature(s): 0 matched merge filters, 0 were routed to output, 5773 could not be routed.
2024-04-29 23:19:42|   0.3|  0.0|STATS |Final Output Nuker (TeeFactory): Cloned 5773 input feature(s) into 0 output feature(s)
2024-04-29 23:19:42|   0.3|  0.0|WARN  |=-=-=-=-=-=-=-=-=-=-=-=-=-=-=-=-=-=-=-=-=-=-=-=-=-=-=-=-=-=-=-=-=-=-=-=-=-=-=-
2024-04-29 23:19:42|   0.3|  0.0|WARN  |      Features not written - verify feature type fanout/dynamic settings
2024-04-29 23:19:42|   0.3|  0.0|WARN  |=-=-=-=-=-=-=-=-=-=-=-=-=-=-=-=-=-=-=-=-=-=-=-=-=-=-=-=-=-=-=-=-=-=-=-=-=-=-=-
2024-04-29 23:19:42|   0.3|  0.0|WARN  |  (Check that fanout/dynamic feature type attribute exists and has a value)
2024-04-29 23:19:42|   0.3|  0.0|WARN  |=-=-=-=-=-=-=-=-=-=-=-=-=-=-=-=-=-=-=-=-=-=-=-=-=-=-=-=-=-=-=-=-=-=-=-=-=-=-=-
2024-04-29 23:19:42|   0.3|  0.0|WARN  |                                                                          5773
2024-04-29 23:19:42|   0.3|  0.0|WARN  |==============================================================================
2024-04-29 23:19:42|   0.3|  0.0|WARN  |Total features not written                                                5773
2024-04-29 23:19:42|   0.3|  0.0|WARN  |=-=-=-=-=-=-=-=-=-=-=-=-=-=-=-=-=-=-=-=-=-=-=-=-=-=-=-=-=-=-=-=-=-=-=-=-=-=-=-
2024-04-29 23:19:42|   0.3|  0.0|STATS |=-=-=-=-=-=-=-=-=-=-=-=-=-=-=-=-=-=-=-=-=-=-=-=-=-=-=-=-=-=-=-=-=-=-=-=-=-=-=-
2024-04-29 23:19:42|   0.3|  0.0|STATS |                            Features Read Summary
2024-04-29 23:19:42|   0.3|  0.0|STATS |=-=-=-=-=-=-=-=-=-=-=-=-=-=-=-=-=-=-=-=-=-=-=-=-=-=-=-=-=-=-=-=-=-=-=-=-=-=-=-
2024-04-29 23:19:42|   0.3|  0.0|STATS |==============================================================================
2024-04-29 23:19:42|   0.3|  0.0|STATS |Total Features Read                                                          0
2024-04-29 23:19:42|   0.3|  0.0|STATS |=-=-=-=-=-=-=-=-=-=-=-=-=-=-=-=-=-=-=-=-=-=-=-=-=-=-=-=-=-=-=-=-=-=-=-=-=-=-=-
2024-04-29 23:19:42|   0.3|  0.0|STATS |=-=-=-=-=-=-=-=-=-=-=-=-=-=-=-=-=-=-=-=-=-=-=-=-=-=-=-=-=-=-=-=-=-=-=-=-=-=-=-
2024-04-29 23:19:42|   0.3|  0.0|STATS |                           Features Written Summary
2024-04-29 23:19:42|   0.3|  0.0|STATS |=-=-=-=-=-=-=-=-=-=-=-=-=-=-=-=-=-=-=-=-=-=-=-=-=-=-=-=-=-=-=-=-=-=-=-=-=-=-=-
2024-04-29 23:19:42|   0.3|  0.0|STATS |==============================================================================
2024-04-29 23:19:42|   0.3|  0.0|STATS |Total Features Written                                                       0
2024-04-29 23:19:42|   0.3|  0.0|STATS |=-=-=-=-=-=-=-=-=-=-=-=-=-=-=-=-=-=-=-=-=-=-=-=-=-=-=-=-=-=-=-=-=-=-=-=-=-=-=-
2024-04-29 23:19:42|   0.3|  0.0|WARN  |-~-~-~-~-~-~-~-~-~-~-~-~-~-~-~-~-~-~-~-~-~-~-~-~-~-~-~-~-~-~-~-~-~-~-~-~-~-~-~-~-
2024-04-29 23:19:42|   0.3|  0.0|WARN  |-~                                                                             ~-
2024-04-29 23:19:42|   0.3|  0.0|WARN  |-~    Feature caches have been recorded at every stage of the translation.     ~-
2024-04-29 23:19:42|   0.3|  0.0|WARN  |-~                      To inspect the recorded features,                      ~-
2024-04-29 23:19:42|   0.3|  0.0|WARN  |-~              click the feature cache icons next to the ports.               ~-
2024-04-29 23:19:42|   0.3|  0.0|WARN  |-~                                                                             ~-
2024-04-29 23:19:42|   0.3|  0.0|WARN  |-~-~-~-~-~-~-~-~-~-~-~-~-~-~-~-~-~-~-~-~-~-~-~-~-~-~-~-~-~-~-~-~-~-~-~-~-~-~-~-~-
2024-04-29 23:19:42|   0.3|  0.0|INFORM|Translation was SUCCESSFUL with 16 warning(s) (0 feature(s) output)
2024-04-29 23:19:42|   0.3|  0.0|INFORM|FME Session Duration: 1 second. (CPU: 0.3s user, 0.0s system)
2024-04-29 23:19:42|   0.3|  0.0|INFORM|END - ProcessID: 23476, peak process memory usage: 91832 kB, current process memory usage: 91432 kB
