2024-05-07 22:41:34,429 - INFO - Current weather data saved to database
2024-05-07 22:41:34,532 - INFO - Hourly forecast data saved to database.
2024-05-07 22:42:23,872 - INFO - Current weather data saved to database
2024-05-07 22:42:23,942 - INFO - Hourly forecast data saved to database.
2024-05-07 22:43:35,940 - INFO - Current weather data saved to database
2024-05-07 22:43:36,007 - INFO - Hourly forecast data saved to database.
2024-05-07 22:45:30,972 - INFO - Current weather data saved to database
2024-05-07 22:45:31,056 - INFO - Hourly forecast data saved to database.
2024-05-12 11:34:54,047 - INFO - Current weather data saved to database
2024-05-12 11:34:54,160 - INFO - Hourly forecast data saved to database.
2024-05-12 11:42:54,652 - INFO - Current weather data saved to database
2024-05-12 11:42:54,793 - INFO - Hourly forecast data saved to database.
2024-05-12 11:45:02,566 - INFO - Current weather data saved to database
2024-05-12 11:45:02,728 - INFO - Hourly forecast data saved to database.
2024-05-12 17:36:14,671 - INFO - Current weather data saved to database
2024-05-12 17:36:14,792 - ERROR - Database error while saving hourly forecast: invalid input value for enum wetter: "gewitter"
LINE 1: ...VALUES ( '2024-05-12T16:00:00+00:00'::timestamptz,'gewitter'...
                                                             ^

2024-05-12 23:15:23,058 - INFO - Current weather data saved to database
2024-05-12 23:15:23,135 - INFO - Hourly forecast data saved to database.
2024-05-13 11:21:07,290 - INFO - Current weather data saved to database
2024-05-13 11:21:07,482 - INFO - Hourly forecast data saved to database.
2024-05-13 17:28:23,623 - INFO - Current weather data saved to database
2024-05-13 17:43:23,883 - INFO - Current weather data saved to database
2024-05-13 17:58:24,138 - INFO - Current weather data saved to database
2024-05-13 18:13:24,367 - INFO - Current weather data saved to database
2024-05-13 20:35:10,978 - INFO - Current weather data saved to database
2024-05-13 20:50:11,315 - INFO - Current weather data saved to database
2024-05-13 21:05:11,537 - INFO - Current weather data saved to database
2024-05-13 21:20:11,760 - INFO - Current weather data saved to database
2024-05-13 21:35:11,950 - INFO - Current weather data saved to database
2024-05-13 21:50:12,185 - INFO - Current weather data saved to database
2024-05-13 22:05:12,461 - INFO - Current weather data saved to database
2024-05-13 22:20:12,616 - INFO - Current weather data saved to database
2024-05-13 22:35:12,795 - INFO - Current weather data saved to database
2024-05-13 22:50:12,970 - INFO - Current weather data saved to database
2024-05-13 23:05:13,113 - INFO - Current weather data saved to database
2024-05-13 23:20:13,306 - INFO - Current weather data saved to database
2024-05-13 23:35:13,511 - INFO - Current weather data saved to database
2024-05-13 23:50:13,777 - INFO - Current weather data saved to database
2024-05-14 00:00:14,155 - INFO - Hourly forecast data saved to database.
2024-05-14 00:05:14,586 - INFO - Current weather data saved to database
2024-05-14 00:20:14,895 - INFO - Current weather data saved to database
2024-05-14 00:35:15,119 - INFO - Current weather data saved to database
2024-05-14 00:50:15,358 - INFO - Current weather data saved to database
2024-05-14 01:05:15,498 - INFO - Current weather data saved to database
2024-05-14 01:20:15,782 - INFO - Current weather data saved to database
2024-05-14 01:35:15,951 - INFO - Current weather data saved to database
2024-05-14 01:50:16,109 - INFO - Current weather data saved to database
2024-05-14 02:05:16,248 - INFO - Current weather data saved to database
2024-05-14 02:20:16,408 - INFO - Current weather data saved to database
2024-05-14 02:35:16,615 - INFO - Current weather data saved to database
2024-05-14 08:09:20,913 - ERROR - Database error while saving current weather: connection to server at "localhost" (::1), port 5432 failed: FATAL:  password authentication failed for user "postgres"

2024-05-14 08:09:21,023 - ERROR - Database error while saving hourly forecast: connection to server at "localhost" (::1), port 5432 failed: FATAL:  password authentication failed for user "postgres"

2024-05-14 08:24:49,345 - ERROR - Database error while saving current weather: connection to server at "localhost" (::1), port 5432 failed: FATAL:  password authentication failed for user "postgres"

2024-05-14 08:45:57,345 - ERROR - Database error while saving current weather: connection to server at "localhost" (::1), port 5432 failed: FATAL:  password authentication failed for user "postgres"

2024-05-14 08:45:57,433 - ERROR - Database error while saving hourly forecast: connection to server at "localhost" (::1), port 5432 failed: FATAL:  password authentication failed for user "postgres"

2024-05-14 09:00:57,669 - ERROR - Database error while saving current weather: connection to server at "localhost" (::1), port 5432 failed: FATAL:  password authentication failed for user "postgres"

2024-05-14 09:15:57,858 - ERROR - Database error while saving current weather: connection to server at "localhost" (::1), port 5432 failed: FATAL:  password authentication failed for user "postgres"

2024-05-14 09:30:58,073 - ERROR - Database error while saving current weather: connection to server at "localhost" (::1), port 5432 failed: FATAL:  password authentication failed for user "postgres"

2024-05-14 09:45:58,269 - ERROR - Database error while saving current weather: connection to server at "localhost" (::1), port 5432 failed: FATAL:  password authentication failed for user "postgres"

2024-05-14 10:00:58,479 - ERROR - Database error while saving current weather: connection to server at "localhost" (::1), port 5432 failed: FATAL:  password authentication failed for user "postgres"

2024-05-14 10:15:58,652 - ERROR - Database error while saving current weather: connection to server at "localhost" (::1), port 5432 failed: FATAL:  password authentication failed for user "postgres"

2024-05-14 10:30:58,831 - ERROR - Database error while saving current weather: connection to server at "localhost" (::1), port 5432 failed: FATAL:  password authentication failed for user "postgres"

2024-05-14 10:45:58,999 - ERROR - Database error while saving current weather: connection to server at "localhost" (::1), port 5432 failed: FATAL:  password authentication failed for user "postgres"

2024-05-14 11:00:59,136 - ERROR - Database error while saving current weather: connection to server at "localhost" (::1), port 5432 failed: FATAL:  password authentication failed for user "postgres"

2024-05-14 11:15:59,354 - ERROR - Database error while saving current weather: connection to server at "localhost" (::1), port 5432 failed: FATAL:  password authentication failed for user "postgres"

2024-05-14 11:30:59,523 - ERROR - Database error while saving current weather: connection to server at "localhost" (::1), port 5432 failed: FATAL:  password authentication failed for user "postgres"

2024-05-14 11:45:59,707 - ERROR - Database error while saving current weather: connection to server at "localhost" (::1), port 5432 failed: FATAL:  password authentication failed for user "postgres"

2024-05-14 12:23:37,876 - ERROR - Database error while saving current weather: connection to server at "localhost" (::1), port 5432 failed: FATAL:  password authentication failed for user "postgres"

2024-05-14 12:38:38,158 - ERROR - Database error while saving current weather: connection to server at "localhost" (::1), port 5432 failed: FATAL:  password authentication failed for user "postgres"

2024-05-14 12:53:38,309 - ERROR - Database error while saving current weather: connection to server at "localhost" (::1), port 5432 failed: FATAL:  password authentication failed for user "postgres"

2024-05-14 13:08:38,538 - ERROR - Database error while saving current weather: connection to server at "localhost" (::1), port 5432 failed: FATAL:  password authentication failed for user "postgres"

2024-05-14 13:23:38,678 - ERROR - Database error while saving current weather: connection to server at "localhost" (::1), port 5432 failed: FATAL:  password authentication failed for user "postgres"

2024-05-14 13:38:38,829 - ERROR - Database error while saving current weather: connection to server at "localhost" (::1), port 5432 failed: FATAL:  password authentication failed for user "postgres"

2024-05-14 09:46:10,775 - INFO - Current weather data saved to database
2024-05-14 09:46:10,855 - INFO - Hourly forecast data saved to database.
2024-05-14 09:47:04,221 - INFO - Current weather data saved to database
2024-05-14 09:47:04,292 - INFO - Hourly forecast data saved to database.
2024-05-14 10:02:36,257 - INFO - Current weather data saved to database
2024-05-14 13:55:55,754 - ERROR - Database error while saving current weather: connection to server at "localhost" (::1), port 5432 failed: FATAL:  password authentication failed for user "postgres"

2024-05-14 13:55:55,813 - ERROR - Database error while saving hourly forecast: connection to server at "localhost" (::1), port 5432 failed: FATAL:  password authentication failed for user "postgres"

2024-05-14 14:10:56,024 - ERROR - Database error while saving current weather: connection to server at "localhost" (::1), port 5432 failed: FATAL:  password authentication failed for user "postgres"

2024-05-14 14:25:56,178 - ERROR - Database error while saving current weather: connection to server at "localhost" (::1), port 5432 failed: FATAL:  password authentication failed for user "postgres"

2024-05-14 14:40:56,407 - ERROR - Database error while saving current weather: connection to server at "localhost" (::1), port 5432 failed: FATAL:  password authentication failed for user "postgres"

2024-05-14 14:55:56,567 - ERROR - Database error while saving current weather: connection to server at "localhost" (::1), port 5432 failed: FATAL:  password authentication failed for user "postgres"

2024-05-14 15:10:56,766 - ERROR - Database error while saving current weather: connection to server at "localhost" (::1), port 5432 failed: FATAL:  password authentication failed for user "postgres"

2024-05-14 15:25:56,933 - ERROR - Database error while saving current weather: connection to server at "localhost" (::1), port 5432 failed: FATAL:  password authentication failed for user "postgres"

2024-05-14 15:40:57,119 - ERROR - Database error while saving current weather: connection to server at "localhost" (::1), port 5432 failed: FATAL:  password authentication failed for user "postgres"

2024-05-14 15:55:57,247 - ERROR - Database error while saving current weather: connection to server at "localhost" (::1), port 5432 failed: FATAL:  password authentication failed for user "postgres"

2024-05-15 09:02:59,008 - INFO - Current weather data saved to database
2024-05-15 09:02:59,089 - INFO - Hourly forecast data saved to database.
2024-05-15 09:03:05,125 - INFO - Current weather data saved to database
2024-05-15 09:03:05,193 - INFO - Hourly forecast data saved to database.
2024-05-15 09:18:05,303 - INFO - Current weather data saved to database
2024-05-15 09:33:05,494 - INFO - Current weather data saved to database
2024-05-15 09:48:05,654 - INFO - Current weather data saved to database
2024-05-15 15:08:53,744 - INFO - Current weather data saved to database
2024-05-15 15:08:53,928 - INFO - Hourly forecast data saved to database.
2024-05-15 15:23:54,172 - INFO - Current weather data saved to database
2024-05-15 15:38:54,442 - INFO - Current weather data saved to database
2024-05-15 15:53:55,155 - INFO - Current weather data saved to database
2024-05-15 16:08:55,489 - INFO - Current weather data saved to database
2024-05-15 16:23:55,760 - INFO - Current weather data saved to database
2024-05-15 16:38:56,048 - INFO - Current weather data saved to database
2024-05-15 16:53:56,212 - INFO - Current weather data saved to database
2024-05-15 17:08:56,377 - INFO - Current weather data saved to database
2024-05-15 22:06:29,336 - INFO - Current weather data saved to database
2024-05-15 22:06:29,415 - ERROR - Database error while saving hourly forecast: invalid input value for enum wetter: "gewitter"
LINE 1: ...VALUES ( '2024-05-17T04:00:00+00:00'::timestamptz,'gewitter'...
                                                             ^

2024-05-15 22:21:29,587 - INFO - Current weather data saved to database
2024-05-15 22:36:29,764 - INFO - Current weather data saved to database
2024-05-16 09:49:03,037 - WARNING - Retrying (Retry(total=4, connect=5, read=5, redirect=None, status=None)) after connection broken by 'SSLError(SSLCertVerificationError(1, '[SSL: CERTIFICATE_VERIFY_FAILED] certificate verify failed: unable to get local issuer certificate (_ssl.c:1129)'))': /v1/forecast?latitude=46.72&longitude=9.55&current=temperature_2m&current=precipitation&current=weather_code&current=surface_pressure&current=wind_speed_10m&current=wind_direction_10m&hourly=temperature_2m&hourly=precipitation_probability&hourly=precipitation&hourly=weather_code&hourly=cloud_cover&hourly=surface_pressure&hourly=wind_speed_10m&hourly=wind_direction_10m&forecast_days=3&format=flatbuffers
2024-05-16 09:49:04,006 - WARNING - Retrying (Retry(total=3, connect=5, read=5, redirect=None, status=None)) after connection broken by 'SSLError(SSLCertVerificationError(1, '[SSL: CERTIFICATE_VERIFY_FAILED] certificate verify failed: unable to get local issuer certificate (_ssl.c:1129)'))': /v1/forecast?latitude=46.72&longitude=9.55&current=temperature_2m&current=precipitation&current=weather_code&current=surface_pressure&current=wind_speed_10m&current=wind_direction_10m&hourly=temperature_2m&hourly=precipitation_probability&hourly=precipitation&hourly=weather_code&hourly=cloud_cover&hourly=surface_pressure&hourly=wind_speed_10m&hourly=wind_direction_10m&forecast_days=3&format=flatbuffers
2024-05-16 09:49:05,483 - WARNING - Retrying (Retry(total=2, connect=5, read=5, redirect=None, status=None)) after connection broken by 'SSLError(SSLCertVerificationError(1, '[SSL: CERTIFICATE_VERIFY_FAILED] certificate verify failed: unable to get local issuer certificate (_ssl.c:1129)'))': /v1/forecast?latitude=46.72&longitude=9.55&current=temperature_2m&current=precipitation&current=weather_code&current=surface_pressure&current=wind_speed_10m&current=wind_direction_10m&hourly=temperature_2m&hourly=precipitation_probability&hourly=precipitation&hourly=weather_code&hourly=cloud_cover&hourly=surface_pressure&hourly=wind_speed_10m&hourly=wind_direction_10m&forecast_days=3&format=flatbuffers
2024-05-16 09:49:07,778 - WARNING - Retrying (Retry(total=1, connect=5, read=5, redirect=None, status=None)) after connection broken by 'SSLError(SSLCertVerificationError(1, '[SSL: CERTIFICATE_VERIFY_FAILED] certificate verify failed: unable to get local issuer certificate (_ssl.c:1129)'))': /v1/forecast?latitude=46.72&longitude=9.55&current=temperature_2m&current=precipitation&current=weather_code&current=surface_pressure&current=wind_speed_10m&current=wind_direction_10m&hourly=temperature_2m&hourly=precipitation_probability&hourly=precipitation&hourly=weather_code&hourly=cloud_cover&hourly=surface_pressure&hourly=wind_speed_10m&hourly=wind_direction_10m&forecast_days=3&format=flatbuffers
2024-05-16 09:49:11,517 - WARNING - Retrying (Retry(total=0, connect=5, read=5, redirect=None, status=None)) after connection broken by 'SSLError(SSLCertVerificationError(1, '[SSL: CERTIFICATE_VERIFY_FAILED] certificate verify failed: unable to get local issuer certificate (_ssl.c:1129)'))': /v1/forecast?latitude=46.72&longitude=9.55&current=temperature_2m&current=precipitation&current=weather_code&current=surface_pressure&current=wind_speed_10m&current=wind_direction_10m&hourly=temperature_2m&hourly=precipitation_probability&hourly=precipitation&hourly=weather_code&hourly=cloud_cover&hourly=surface_pressure&hourly=wind_speed_10m&hourly=wind_direction_10m&forecast_days=3&format=flatbuffers
2024-05-21 10:11:03,337 - INFO - Current weather data saved to database
2024-05-21 10:11:03,540 - ERROR - Database error while saving hourly forecast: invalid input value for enum wetter: "gewitter"
LINE 1: ...VALUES ( '2024-05-23T10:00:00+00:00'::timestamptz,'gewitter'...
                                                             ^

2024-05-21 10:26:03,785 - INFO - Current weather data saved to database
2024-05-21 10:41:04,070 - INFO - Current weather data saved to database
2024-05-21 10:57:02,897 - INFO - Current weather data saved to database
2024-05-21 11:12:03,153 - INFO - Current weather data saved to database
2024-05-21 11:52:21,034 - INFO - Current weather data saved to database
2024-05-21 12:07:21,279 - INFO - Current weather data saved to database
2024-05-21 12:22:21,686 - INFO - Current weather data saved to database
2024-05-21 12:37:38,745 - INFO - Current weather data saved to database
2024-05-21 12:52:39,070 - INFO - Current weather data saved to database
2024-05-21 13:07:39,349 - INFO - Current weather data saved to database
2024-05-21 13:22:39,567 - INFO - Current weather data saved to database
2024-05-21 13:37:39,749 - INFO - Current weather data saved to database
2024-05-21 13:52:39,926 - INFO - Current weather data saved to database
2024-05-21 14:07:40,137 - INFO - Current weather data saved to database
2024-05-21 14:22:40,370 - INFO - Current weather data saved to database
2024-05-21 14:37:40,527 - INFO - Current weather data saved to database
2024-05-21 14:52:40,697 - INFO - Current weather data saved to database
2024-05-21 15:07:40,850 - INFO - Current weather data saved to database
2024-05-21 15:22:41,150 - INFO - Current weather data saved to database
2024-05-21 23:03:56,117 - INFO - Current weather data saved to database
2024-05-21 23:18:56,414 - INFO - Current weather data saved to database
2024-05-21 23:33:56,684 - INFO - Current weather data saved to database
2024-05-21 23:48:56,964 - INFO - Current weather data saved to database
2024-05-22 00:00:57,443 - ERROR - Database error while saving hourly forecast: invalid input value for enum wetter: "gewitter"
LINE 1: ...VALUES ( '2024-05-23T10:00:00+00:00'::timestamptz,'gewitter'...
                                                             ^

2024-05-22 00:03:57,555 - INFO - Current weather data saved to database
2024-05-22 00:37:43,096 - INFO - Current weather data saved to database
2024-05-22 09:36:46,319 - INFO - Current weather data saved to database
2024-05-22 09:36:46,511 - INFO - Hourly forecast data saved to database.
2024-05-22 09:51:46,731 - INFO - Current weather data saved to database
2024-05-22 10:06:46,953 - INFO - Current weather data saved to database
2024-05-22 10:20:36,453 - INFO - Current weather data saved to database
2024-05-22 10:20:36,655 - INFO - Hourly forecast data saved to database.
2024-05-22 12:55:17,456 - INFO - Current weather data saved to database
2024-05-22 12:55:17,624 - INFO - Hourly forecast data saved to database.
2024-05-22 13:10:17,839 - INFO - Current weather data saved to database
2024-05-22 13:25:17,986 - INFO - Current weather data saved to database
2024-05-22 13:40:18,131 - INFO - Current weather data saved to database
2024-05-22 13:55:18,314 - INFO - Current weather data saved to database
2024-05-22 14:10:23,529 - INFO - Current weather data saved to database
2024-05-22 17:16:11,748 - INFO - Current weather data saved to database
2024-05-22 17:31:11,900 - INFO - Current weather data saved to database
2024-05-22 17:46:12,044 - INFO - Current weather data saved to database
2024-05-22 18:01:12,209 - INFO - Current weather data saved to database
2024-05-22 18:16:12,357 - INFO - Current weather data saved to database
2024-05-22 18:31:12,535 - INFO - Current weather data saved to database
2024-05-22 18:46:12,682 - INFO - Current weather data saved to database
2024-05-22 19:01:12,835 - INFO - Current weather data saved to database
2024-05-22 19:16:13,005 - INFO - Current weather data saved to database
2024-05-22 19:31:13,213 - INFO - Current weather data saved to database
2024-05-22 19:46:13,357 - INFO - Current weather data saved to database
2024-05-22 20:01:13,509 - INFO - Current weather data saved to database
2024-05-22 20:16:13,644 - INFO - Current weather data saved to database
2024-05-22 20:31:13,781 - INFO - Current weather data saved to database
2024-05-22 20:46:13,956 - INFO - Current weather data saved to database
2024-05-22 21:01:14,119 - INFO - Current weather data saved to database
2024-05-22 21:16:14,261 - INFO - Current weather data saved to database
2024-05-22 21:31:14,434 - INFO - Current weather data saved to database
2024-05-22 22:07:52,904 - INFO - Current weather data saved to database
2024-05-22 22:22:53,048 - INFO - Current weather data saved to database
2024-05-22 22:37:53,170 - INFO - Current weather data saved to database
2024-05-22 22:52:53,415 - INFO - Current weather data saved to database
2024-05-22 23:07:53,691 - INFO - Current weather data saved to database
2024-05-22 23:22:53,933 - INFO - Current weather data saved to database
2024-05-22 23:37:58,560 - INFO - Current weather data saved to database
2024-05-22 23:37:58,680 - INFO - Hourly forecast data saved to database.
2024-05-22 23:52:58,925 - INFO - Current weather data saved to database
2024-05-23 00:00:59,178 - INFO - Hourly forecast data saved to database.
2024-05-23 00:07:59,452 - INFO - Current weather data saved to database
2024-05-23 00:22:59,697 - INFO - Current weather data saved to database
2024-05-23 00:37:59,986 - INFO - Current weather data saved to database
2024-05-23 00:53:00,254 - INFO - Current weather data saved to database
2024-05-23 01:08:00,496 - INFO - Current weather data saved to database
2024-05-23 01:23:00,814 - INFO - Current weather data saved to database
2024-05-23 01:38:01,064 - INFO - Current weather data saved to database
2024-05-23 01:53:01,305 - INFO - Current weather data saved to database
2024-05-23 02:08:01,587 - INFO - Current weather data saved to database
2024-05-23 02:23:01,886 - INFO - Current weather data saved to database
2024-05-23 02:38:02,114 - INFO - Current weather data saved to database
2024-05-23 02:53:02,286 - INFO - Current weather data saved to database
2024-05-23 03:08:02,502 - INFO - Current weather data saved to database
2024-05-23 03:23:02,743 - INFO - Current weather data saved to database
2024-05-23 21:15:48,469 - INFO - Current weather data saved to database
2024-05-23 21:15:48,583 - INFO - Hourly forecast data saved to database.
2024-05-23 21:30:48,769 - INFO - Current weather data saved to database
2024-05-23 21:45:48,865 - INFO - Current weather data saved to database
2024-05-23 22:00:49,106 - INFO - Current weather data saved to database
2024-05-23 22:15:49,284 - INFO - Current weather data saved to database
2024-05-23 22:30:49,617 - INFO - Current weather data saved to database
2024-05-23 22:45:49,880 - INFO - Current weather data saved to database
2024-05-23 23:00:50,077 - INFO - Current weather data saved to database
2024-05-23 23:15:50,299 - INFO - Current weather data saved to database
2024-05-23 23:30:50,586 - INFO - Current weather data saved to database
2024-05-23 23:45:50,840 - INFO - Current weather data saved to database
2024-05-24 00:00:51,129 - INFO - Hourly forecast data saved to database.
2024-05-24 00:00:51,218 - INFO - Current weather data saved to database
2024-05-24 00:15:51,504 - INFO - Current weather data saved to database
2024-05-24 00:30:51,784 - INFO - Current weather data saved to database
2024-05-24 00:45:51,962 - INFO - Current weather data saved to database
2024-05-24 01:00:52,170 - INFO - Current weather data saved to database
2024-05-24 01:15:52,443 - INFO - Current weather data saved to database
2024-05-24 01:30:52,700 - INFO - Current weather data saved to database
2024-05-24 01:45:52,937 - INFO - Current weather data saved to database
2024-05-24 02:00:53,137 - INFO - Current weather data saved to database
2024-05-24 02:15:53,275 - INFO - Current weather data saved to database
2024-05-24 02:30:53,349 - INFO - Current weather data saved to database
2024-05-24 02:45:53,482 - INFO - Current weather data saved to database
2024-05-24 03:00:53,632 - INFO - Current weather data saved to database
2024-05-24 03:15:53,820 - INFO - Current weather data saved to database
2024-05-24 03:30:53,971 - INFO - Current weather data saved to database
2024-05-25 00:17:56,659 - INFO - Current weather data saved to database
2024-05-25 00:17:57,190 - INFO - Hourly forecast data saved to database.
2024-05-25 00:32:57,347 - INFO - Current weather data saved to database
2024-05-25 00:47:57,499 - INFO - Current weather data saved to database
2024-05-25 01:02:57,684 - INFO - Current weather data saved to database
2024-05-25 01:17:57,836 - INFO - Current weather data saved to database
2024-05-25 01:32:57,993 - INFO - Current weather data saved to database
2024-05-25 01:47:58,117 - INFO - Current weather data saved to database
2024-05-25 02:02:58,273 - INFO - Current weather data saved to database
2024-05-25 02:17:58,479 - INFO - Current weather data saved to database
2024-05-25 23:01:44,209 - INFO - Current weather data saved to database
2024-05-25 23:01:44,338 - INFO - Hourly forecast data saved to database.
2024-05-25 23:16:44,602 - INFO - Current weather data saved to database
2024-05-25 23:31:44,902 - INFO - Current weather data saved to database
2024-05-25 23:46:45,206 - INFO - Current weather data saved to database
2024-05-26 00:00:45,624 - INFO - Hourly forecast data saved to database.
2024-05-26 00:01:45,778 - INFO - Current weather data saved to database
2024-05-26 00:16:46,032 - INFO - Current weather data saved to database
2024-05-26 00:31:46,285 - INFO - Current weather data saved to database
2024-05-26 00:46:46,455 - INFO - Current weather data saved to database
2024-05-26 01:01:46,622 - INFO - Current weather data saved to database
2024-05-26 01:16:46,776 - INFO - Current weather data saved to database
2024-05-26 01:31:46,933 - INFO - Current weather data saved to database
2024-05-26 01:46:47,082 - INFO - Current weather data saved to database
2024-05-26 02:01:47,238 - INFO - Current weather data saved to database
2024-05-26 08:59:45,712 - INFO - Current weather data saved to database
2024-05-26 08:59:45,951 - INFO - Hourly forecast data saved to database.
2024-05-26 09:14:46,197 - INFO - Current weather data saved to database
2024-05-26 09:29:46,462 - INFO - Current weather data saved to database
2024-05-26 09:44:46,725 - INFO - Current weather data saved to database
2024-05-26 09:59:46,854 - INFO - Current weather data saved to database
2024-05-26 10:14:47,006 - INFO - Current weather data saved to database
2024-05-26 10:29:47,165 - INFO - Current weather data saved to database
2024-05-26 10:44:47,270 - INFO - Current weather data saved to database
2024-05-26 10:59:47,384 - INFO - Current weather data saved to database
2024-05-26 11:14:47,543 - INFO - Current weather data saved to database
2024-05-26 11:30:46,578 - INFO - Current weather data saved to database
2024-05-26 11:45:46,732 - INFO - Current weather data saved to database
2024-05-26 12:00:46,906 - INFO - Current weather data saved to database
2024-05-26 12:15:47,242 - INFO - Current weather data saved to database
2024-05-26 12:30:47,593 - INFO - Current weather data saved to database
2024-05-26 12:45:48,048 - INFO - Current weather data saved to database
2024-05-26 13:00:48,470 - INFO - Current weather data saved to database
2024-05-26 13:15:48,864 - INFO - Current weather data saved to database
2024-05-26 14:18:07,813 - INFO - Current weather data saved to database
2024-05-26 14:33:08,037 - INFO - Current weather data saved to database
2024-05-26 14:48:08,290 - INFO - Current weather data saved to database
2024-05-26 15:03:09,638 - INFO - Current weather data saved to database
2024-05-26 15:18:10,039 - INFO - Current weather data saved to database
2024-05-26 15:33:10,572 - INFO - Current weather data saved to database
2024-05-26 15:48:11,018 - INFO - Current weather data saved to database
2024-05-26 16:03:12,007 - INFO - Current weather data saved to database
2024-05-26 16:18:30,757 - INFO - Current weather data saved to database
2024-05-26 16:33:30,949 - INFO - Current weather data saved to database
2024-05-26 16:48:46,864 - INFO - Current weather data saved to database
2024-05-26 17:03:47,368 - INFO - Current weather data saved to database
2024-05-26 17:18:48,152 - INFO - Current weather data saved to database
2024-05-26 20:42:18,641 - INFO - Current weather data saved to database
2024-05-26 20:42:18,723 - INFO - Hourly forecast data saved to database.
2024-05-26 20:57:18,901 - INFO - Current weather data saved to database
2024-05-26 21:12:19,049 - INFO - Current weather data saved to database
2024-05-26 21:27:19,236 - INFO - Current weather data saved to database
2024-05-26 21:42:19,392 - INFO - Current weather data saved to database
2024-05-26 21:57:19,581 - INFO - Current weather data saved to database
2024-05-26 22:12:19,681 - INFO - Current weather data saved to database
2024-05-26 22:27:19,855 - INFO - Current weather data saved to database
2024-05-26 22:42:20,022 - INFO - Current weather data saved to database
2024-06-08 13:33:11,014 - INFO - Current weather data saved to database
2024-06-08 13:33:11,136 - ERROR - Database error while saving hourly forecast: invalid input value for enum wetter: "gewitter"
LINE 1: ...VALUES ( '2024-06-08T00:00:00+00:00'::timestamptz,'gewitter'...
                                                             ^

